This is pdfTeX, Version 3.141592653-2.6-1.40.27 (TeX Live 2025/nixos.org) (preloaded format=pdflatex 1980.1.1)  10 FEB 2026 01:06
entering extended mode
 restricted \write18 enabled.
 %&-line parsing enabled.
**kidiplom.tex
(./kidiplom.tex
LaTeX2e <2025-06-01> patch level 1
L3 programming layer <2025-06-09>
(./kidiplom.cls
Document Class: kidiplom 2012/09/09 KI PrF UP v Olomouci Diploma Class

Class kidiplom Warning: [kidiplom] You are using kidiplom class 1.2.


(/nix/store/mmsrx80s04dd1s9bwnv7k4n5pyil4lkz-texlive-combined-full-2025.2025070
3-texmfdist/tex/latex/base/article.cls
Document Class: article 2025/01/22 v1.4n Standard LaTeX document class

(/nix/store/mmsrx80s04dd1s9bwnv7k4n5pyil4lkz-texlive-combined-full-2025.2025070
3-texmfdist/tex/latex/base/size12.clo
File: size12.clo 2025/01/22 v1.4n Standard LaTeX file (size option)
)
\c@part=\count275
\c@section=\count276
\c@subsection=\count277
\c@subsubsection=\count278
\c@paragraph=\count279
\c@subparagraph=\count280
\c@figure=\count281
\c@table=\count282
\abovecaptionskip=\skip49
\belowcaptionskip=\skip50
\bibindent=\dimen148
)
(/nix/store/mmsrx80s04dd1s9bwnv7k4n5pyil4lkz-texlive-combined-full-2025.2025070
3-texmfdist/tex/latex/kvoptions/kvoptions.sty
Package: kvoptions 2022-06-15 v3.15 Key value format for package options (HO)

(/nix/store/mmsrx80s04dd1s9bwnv7k4n5pyil4lkz-texlive-combined-full-2025.2025070
3-texmfdist/tex/latex/graphics/keyval.sty
Package: keyval 2022/05/29 v1.15 key=value parser (DPC)
\KV@toks@=\toks17
)
(/nix/store/mmsrx80s04dd1s9bwnv7k4n5pyil4lkz-texlive-combined-full-2025.2025070
3-texmfdist/tex/generic/ltxcmds/ltxcmds.sty
Package: ltxcmds 2023-12-04 v1.26 LaTeX kernel commands for general use (HO)
)
(/nix/store/mmsrx80s04dd1s9bwnv7k4n5pyil4lkz-texlive-combined-full-2025.2025070
3-texmfdist/tex/latex/kvsetkeys/kvsetkeys.sty
Package: kvsetkeys 2022-10-05 v1.19 Key value parser (HO)
)) (./kibase.sty
Package: kibase 2012/09/09 KI PrF UP v Olomouci Base Style

(/nix/store/mmsrx80s04dd1s9bwnv7k4n5pyil4lkz-texlive-combined-full-2025.2025070
3-texmfdist/tex/latex/base/inputenc.sty
Package: inputenc 2024/02/08 v1.3d Input encoding file
\inpenc@prehook=\toks18
\inpenc@posthook=\toks19
)
(/nix/store/mmsrx80s04dd1s9bwnv7k4n5pyil4lkz-texlive-combined-full-2025.2025070
3-texmfdist/tex/generic/babel/babel.sty
Package: babel 2025/06/10 v25.10 The multilingual framework for pdfLaTeX, LuaLa
TeX and XeLaTeX
\babel@savecnt=\count283
LaTeX Encoding Info:    Redeclaring text command \ij (encoding OT1) on input li
ne 2043.
LaTeX Encoding Info:    Redeclaring text command \IJ (encoding OT1) on input li
ne 2045.
LaTeX Encoding Info:    Redeclaring text command \ij (encoding T1) on input lin
e 2047.
LaTeX Encoding Info:    Redeclaring text command \IJ (encoding T1) on input lin
e 2048.
LaTeX Encoding Info:    Ignoring declaration for text command \ij (encoding ?) 
on input line 2049.
LaTeX Encoding Info:    Ignoring declaration for text command \IJ (encoding ?) 
on input line 2051.
LaTeX Encoding Info:    Ignoring declaration for text command \SS (encoding ?) 
on input line 2076.
\U@D=\dimen149
\l@unhyphenated=\language90

(/nix/store/mmsrx80s04dd1s9bwnv7k4n5pyil4lkz-texlive-combined-full-2025.2025070
3-texmfdist/tex/generic/babel/txtbabel.def)
\bbl@readstream=\read2
\bbl@dirlevel=\count284

(/nix/store/mmsrx80s04dd1s9bwnv7k4n5pyil4lkz-texlive-combined-full-2025.2025070
3-texmfdist/tex/generic/babel-czech/czech.ldf
Language: czech 2008/07/06 v3.1a Czech support from the babel system

(/nix/store/mmsrx80s04dd1s9bwnv7k4n5pyil4lkz-texlive-combined-full-2025.2025070
3-texmfdist/tex/generic/babel/locale/cs/babel-czech.tex
Package babel Info: Importing font and identification data for czech
(babel)             from babel-cs.ini. Reported on input line 11.
)
Package babel Info: Making " an active character on input line 172.
\cs@wordlen=\count285
Package babel Info: Making - an active character on input line 226.
)
(/nix/store/mmsrx80s04dd1s9bwnv7k4n5pyil4lkz-texlive-combined-full-2025.2025070
3-texmfdist/tex/generic/babel-english/english.ldf
Language: english 2017/06/06 v3.3r English support from the babel system

(/nix/store/mmsrx80s04dd1s9bwnv7k4n5pyil4lkz-texlive-combined-full-2025.2025070
3-texmfdist/tex/generic/babel/locale/en/babel-english.tex
Package babel Info: Importing font and identification data for english
(babel)             from babel-en.ini. Reported on input line 11.
)
Package babel Info: Hyphen rules for 'canadian' set to \l@english
(babel)             (\language0). Reported on input line 102.
Package babel Info: Hyphen rules for 'australian' set to \l@ukenglish
(babel)             (\language22). Reported on input line 105.
Package babel Info: Hyphen rules for 'newzealand' set to \l@ukenglish
(babel)             (\language22). Reported on input line 108.
)
(/nix/store/mmsrx80s04dd1s9bwnv7k4n5pyil4lkz-texlive-combined-full-2025.2025070
3-texmfdist/tex/generic/babel-czech/czech.ldf
Language: czech 2008/07/06 v3.1a Czech support from the babel system
))
(/nix/store/mmsrx80s04dd1s9bwnv7k4n5pyil4lkz-texlive-combined-full-2025.2025070
3-texmfdist/tex/latex/xcolor/xcolor.sty
Package: xcolor 2024/09/29 v3.02 LaTeX color extensions (UK)

(/nix/store/mmsrx80s04dd1s9bwnv7k4n5pyil4lkz-texlive-combined-full-2025.2025070
3-texmfdist/tex/latex/graphics-cfg/color.cfg
File: color.cfg 2016/01/02 v1.6 sample color configuration
)

Package xcolor Warning: Package option `usenames' is obsolete and ignored on in
put line 265.

Package xcolor Info: Driver file: pdftex.def on input line 274.

(/nix/store/mmsrx80s04dd1s9bwnv7k4n5pyil4lkz-texlive-combined-full-2025.2025070
3-texmfdist/tex/latex/graphics-def/pdftex.def
File: pdftex.def 2024/04/13 v1.2c Graphics/color driver for pdftex
)
(/nix/store/mmsrx80s04dd1s9bwnv7k4n5pyil4lkz-texlive-combined-full-2025.2025070
3-texmfdist/tex/latex/graphics/mathcolor.ltx)
Package xcolor Info: Model `cmy' substituted by `cmy0' on input line 1349.
Package xcolor Info: Model `hsb' substituted by `rgb' on input line 1353.
Package xcolor Info: Model `RGB' extended on input line 1365.
Package xcolor Info: Model `HTML' substituted by `rgb' on input line 1367.
Package xcolor Info: Model `Hsb' substituted by `hsb' on input line 1368.
Package xcolor Info: Model `tHsb' substituted by `hsb' on input line 1369.
Package xcolor Info: Model `HSB' substituted by `hsb' on input line 1370.
Package xcolor Info: Model `Gray' substituted by `gray' on input line 1371.
Package xcolor Info: Model `wave' substituted by `hsb' on input line 1372.
)
(/nix/store/mmsrx80s04dd1s9bwnv7k4n5pyil4lkz-texlive-combined-full-2025.2025070
3-texmfdist/tex/latex/graphics/dvipsnam.def
File: dvipsnam.def 2016/06/17 v3.0m Driver-dependent file (DPC,SPQR)
)
(/nix/store/mmsrx80s04dd1s9bwnv7k4n5pyil4lkz-texlive-combined-full-2025.2025070
3-texmfdist/tex/latex/colortbl/colortbl.sty
Package: colortbl 2024/10/29 v1.0k Color table columns (DPC)

(/nix/store/mmsrx80s04dd1s9bwnv7k4n5pyil4lkz-texlive-combined-full-2025.2025070
3-texmfdist/tex/latex/tools/array.sty
Package: array 2025/06/08 v2.6j Tabular extension package (FMi)
\col@sep=\dimen150
\ar@mcellbox=\box53
\extrarowheight=\dimen151
\NC@list=\toks20
\extratabsurround=\skip51
\backup@length=\skip52
\ar@cellbox=\box54
)
\everycr=\toks21
\minrowclearance=\skip53
\rownum=\count286
)
(/nix/store/mmsrx80s04dd1s9bwnv7k4n5pyil4lkz-texlive-combined-full-2025.2025070
3-texmfdist/tex/latex/hyperref/hyperref.sty
Package: hyperref 2025-06-21 v7.01n Hypertext links for LaTeX

(/nix/store/mmsrx80s04dd1s9bwnv7k4n5pyil4lkz-texlive-combined-full-2025.2025070
3-texmfdist/tex/generic/iftex/iftex.sty
Package: iftex 2024/12/12 v1.0g TeX engine tests
)
(/nix/store/mmsrx80s04dd1s9bwnv7k4n5pyil4lkz-texlive-combined-full-2025.2025070
3-texmfdist/tex/generic/kvdefinekeys/kvdefinekeys.sty
Package: kvdefinekeys 2019-12-19 v1.6 Define keys (HO)
)
(/nix/store/mmsrx80s04dd1s9bwnv7k4n5pyil4lkz-texlive-combined-full-2025.2025070
3-texmfdist/tex/generic/pdfescape/pdfescape.sty
Package: pdfescape 2019/12/09 v1.15 Implements pdfTeX's escape features (HO)

(/nix/store/mmsrx80s04dd1s9bwnv7k4n5pyil4lkz-texlive-combined-full-2025.2025070
3-texmfdist/tex/generic/pdftexcmds/pdftexcmds.sty
Package: pdftexcmds 2020-06-27 v0.33 Utility functions of pdfTeX for LuaTeX (HO
)

(/nix/store/mmsrx80s04dd1s9bwnv7k4n5pyil4lkz-texlive-combined-full-2025.2025070
3-texmfdist/tex/generic/infwarerr/infwarerr.sty
Package: infwarerr 2019/12/03 v1.5 Providing info/warning/error messages (HO)
)
Package pdftexcmds Info: \pdf@primitive is available.
Package pdftexcmds Info: \pdf@ifprimitive is available.
Package pdftexcmds Info: \pdfdraftmode found.
))
(/nix/store/mmsrx80s04dd1s9bwnv7k4n5pyil4lkz-texlive-combined-full-2025.2025070
3-texmfdist/tex/latex/hycolor/hycolor.sty
Package: hycolor 2020-01-27 v1.10 Color options for hyperref/bookmark (HO)
)
(/nix/store/mmsrx80s04dd1s9bwnv7k4n5pyil4lkz-texlive-combined-full-2025.2025070
3-texmfdist/tex/latex/hyperref/nameref.sty
Package: nameref 2025-06-21 v2.57 Cross-referencing by name of section

(/nix/store/mmsrx80s04dd1s9bwnv7k4n5pyil4lkz-texlive-combined-full-2025.2025070
3-texmfdist/tex/latex/refcount/refcount.sty
Package: refcount 2019/12/15 v3.6 Data extraction from label references (HO)
)
(/nix/store/mmsrx80s04dd1s9bwnv7k4n5pyil4lkz-texlive-combined-full-2025.2025070
3-texmfdist/tex/generic/gettitlestring/gettitlestring.sty
Package: gettitlestring 2019/12/15 v1.6 Cleanup title references (HO)
)
\c@section@level=\count287
)
(/nix/store/mmsrx80s04dd1s9bwnv7k4n5pyil4lkz-texlive-combined-full-2025.2025070
3-texmfdist/tex/latex/etoolbox/etoolbox.sty
Package: etoolbox 2025/02/11 v2.5l e-TeX tools for LaTeX (JAW)
\etb@tempcnta=\count288
)
(/nix/store/mmsrx80s04dd1s9bwnv7k4n5pyil4lkz-texlive-combined-full-2025.2025070
3-texmfdist/tex/generic/stringenc/stringenc.sty
Package: stringenc 2019/11/29 v1.12 Convert strings between diff. encodings (HO
)
)
\@linkdim=\dimen152
\Hy@linkcounter=\count289
\Hy@pagecounter=\count290

(/nix/store/mmsrx80s04dd1s9bwnv7k4n5pyil4lkz-texlive-combined-full-2025.2025070
3-texmfdist/tex/latex/hyperref/pd1enc.def
File: pd1enc.def 2025-06-21 v7.01n Hyperref: PDFDocEncoding definition (HO)
Now handling font encoding PD1 ...
... no UTF-8 mapping file for font encoding PD1
)
(/nix/store/mmsrx80s04dd1s9bwnv7k4n5pyil4lkz-texlive-combined-full-2025.2025070
3-texmfdist/tex/generic/intcalc/intcalc.sty
Package: intcalc 2019/12/15 v1.3 Expandable calculations with integers (HO)
)
\Hy@SavedSpaceFactor=\count291

(/nix/store/mmsrx80s04dd1s9bwnv7k4n5pyil4lkz-texlive-combined-full-2025.2025070
3-texmfdist/tex/latex/hyperref/puenc.def
File: puenc.def 2025-06-21 v7.01n Hyperref: PDF Unicode definition (HO)
Now handling font encoding PU ...
... no UTF-8 mapping file for font encoding PU
)
Package hyperref Info: Option `unicode' set `true' on input line 4052.
Package hyperref Info: Option `breaklinks' set `true' on input line 4052.
Package hyperref Info: Hyper figures OFF on input line 4181.
Package hyperref Info: Link nesting OFF on input line 4186.
Package hyperref Info: Hyper index ON on input line 4189.
Package hyperref Info: Plain pages OFF on input line 4196.
Package hyperref Info: Backreferencing OFF on input line 4201.
Package hyperref Info: Implicit mode ON; LaTeX internals redefined.
Package hyperref Info: Bookmarks ON on input line 4448.
\c@Hy@tempcnt=\count292

(/nix/store/mmsrx80s04dd1s9bwnv7k4n5pyil4lkz-texlive-combined-full-2025.2025070
3-texmfdist/tex/latex/url/url.sty
\Urlmuskip=\muskip17
Package: url 2013/09/16  ver 3.4  Verb mode for urls, etc.
)
LaTeX Info: Redefining \url on input line 4787.
\XeTeXLinkMargin=\dimen153

(/nix/store/mmsrx80s04dd1s9bwnv7k4n5pyil4lkz-texlive-combined-full-2025.2025070
3-texmfdist/tex/generic/bitset/bitset.sty
Package: bitset 2019/12/09 v1.3 Handle bit-vector datatype (HO)

(/nix/store/mmsrx80s04dd1s9bwnv7k4n5pyil4lkz-texlive-combined-full-2025.2025070
3-texmfdist/tex/generic/bigintcalc/bigintcalc.sty
Package: bigintcalc 2019/12/15 v1.5 Expandable calculations on big integers (HO
)
))
\Fld@menulength=\count293
\Field@Width=\dimen154
\Fld@charsize=\dimen155
Package hyperref Info: Hyper figures OFF on input line 6066.
Package hyperref Info: Link nesting OFF on input line 6071.
Package hyperref Info: Hyper index ON on input line 6074.
Package hyperref Info: backreferencing OFF on input line 6081.
Package hyperref Info: Link coloring OFF on input line 6086.
Package hyperref Info: Link coloring with OCG OFF on input line 6091.
Package hyperref Info: PDF/A mode OFF on input line 6096.
\Hy@abspage=\count294
\c@Item=\count295
\c@Hfootnote=\count296
)
Package hyperref Info: Driver (autodetected): hpdftex.

(/nix/store/mmsrx80s04dd1s9bwnv7k4n5pyil4lkz-texlive-combined-full-2025.2025070
3-texmfdist/tex/latex/hyperref/hpdftex.def
File: hpdftex.def 2025-06-21 v7.01n Hyperref driver for pdfTeX
\Fld@listcount=\count297
\c@bookmark@seq@number=\count298

(/nix/store/mmsrx80s04dd1s9bwnv7k4n5pyil4lkz-texlive-combined-full-2025.2025070
3-texmfdist/tex/latex/rerunfilecheck/rerunfilecheck.sty
Package: rerunfilecheck 2025-06-21 v1.11 Rerun checks for auxiliary files (HO)

(/nix/store/mmsrx80s04dd1s9bwnv7k4n5pyil4lkz-texlive-combined-full-2025.2025070
3-texmfdist/tex/generic/uniquecounter/uniquecounter.sty
Package: uniquecounter 2019/12/15 v1.4 Provide unlimited unique counter (HO)
)
Package uniquecounter Info: New unique counter `rerunfilecheck' on input line 2
84.
)
\Hy@SectionHShift=\skip54
)
(/nix/store/mmsrx80s04dd1s9bwnv7k4n5pyil4lkz-texlive-combined-full-2025.2025070
3-texmfdist/tex/latex/bookmark/bookmark.sty
Package: bookmark 2023-12-10 v1.31 PDF bookmarks (HO)

(/nix/store/mmsrx80s04dd1s9bwnv7k4n5pyil4lkz-texlive-combined-full-2025.2025070
3-texmfdist/tex/latex/bookmark/bkm-pdftex.def
File: bkm-pdftex.def 2023-12-10 v1.31 bookmark driver for pdfTeX and luaTeX (HO
)
\BKM@id=\count299
))
(/nix/store/mmsrx80s04dd1s9bwnv7k4n5pyil4lkz-texlive-combined-full-2025.2025070
3-texmfdist/tex/latex/listings/listings.sty
\lst@mode=\count300
\lst@gtempboxa=\box55
\lst@token=\toks22
\lst@length=\count301
\lst@currlwidth=\dimen156
\lst@column=\count302
\lst@pos=\count303
\lst@lostspace=\dimen157
\lst@width=\dimen158
\lst@newlines=\count304
\lst@lineno=\count305
\lst@maxwidth=\dimen159

(/nix/store/mmsrx80s04dd1s9bwnv7k4n5pyil4lkz-texlive-combined-full-2025.2025070
3-texmfdist/tex/latex/listings/lstpatch.sty
File: lstpatch.sty 2024/09/23 1.10c (Carsten Heinz)
)
(/nix/store/mmsrx80s04dd1s9bwnv7k4n5pyil4lkz-texlive-combined-full-2025.2025070
3-texmfdist/tex/latex/listings/lstmisc.sty
File: lstmisc.sty 2024/09/23 1.10c (Carsten Heinz)
\c@lstnumber=\count306
\lst@skipnumbers=\count307
\lst@framebox=\box56
)
(/nix/store/mmsrx80s04dd1s9bwnv7k4n5pyil4lkz-texlive-combined-full-2025.2025070
3-texmfdist/tex/latex/listings/listings.cfg
File: listings.cfg 2024/09/23 1.10c listings configuration
))
Package: listings 2024/09/23 1.10c (Carsten Heinz)

(/nix/store/mmsrx80s04dd1s9bwnv7k4n5pyil4lkz-texlive-combined-full-2025.2025070
3-texmfdist/tex/generic/iftex/ifpdf.sty
Package: ifpdf 2019/10/25 v3.4 ifpdf legacy package. Use iftex instead.
)
(/nix/store/mmsrx80s04dd1s9bwnv7k4n5pyil4lkz-texlive-combined-full-2025.2025070
3-texmfdist/tex/latex/base/ifthen.sty
Package: ifthen 2024/03/16 v1.1e Standard LaTeX ifthen package (DPC)
)
(/nix/store/mmsrx80s04dd1s9bwnv7k4n5pyil4lkz-texlive-combined-full-2025.2025070
3-texmfdist/tex/latex/savesym/savesym.sty
Package: savesym 2013/09/02 v1.2 Saves and restores symbols (JG)
)
(/nix/store/mmsrx80s04dd1s9bwnv7k4n5pyil4lkz-texlive-combined-full-2025.2025070
3-texmfdist/tex/latex/glossaries/base/glossaries.sty
Package: glossaries 2025/05/14 v4.7 (NLCT)

(/nix/store/mmsrx80s04dd1s9bwnv7k4n5pyil4lkz-texlive-combined-full-2025.2025070
3-texmfdist/tex/latex/xkeyval/xkeyval.sty
Package: xkeyval 2022/06/16 v2.9 package option processing (HA)

(/nix/store/mmsrx80s04dd1s9bwnv7k4n5pyil4lkz-texlive-combined-full-2025.2025070
3-texmfdist/tex/generic/xkeyval/xkeyval.tex
(/nix/store/mmsrx80s04dd1s9bwnv7k4n5pyil4lkz-texlive-combined-full-2025.2025070
3-texmfdist/tex/generic/xkeyval/xkvutils.tex
\XKV@toks=\toks23
\XKV@tempa@toks=\toks24
)
\XKV@depth=\count308
File: xkeyval.tex 2014/12/03 v2.7a key=value parser (HA)
))
(/nix/store/mmsrx80s04dd1s9bwnv7k4n5pyil4lkz-texlive-combined-full-2025.2025070
3-texmfdist/tex/latex/mfirstuc/mfirstuc.sty
Package: mfirstuc 2025/04/03 v2.09 (NLCT)
\@glsmfirst=\toks25
\@glsmrest=\toks26
)
(/nix/store/mmsrx80s04dd1s9bwnv7k4n5pyil4lkz-texlive-combined-full-2025.2025070
3-texmfdist/tex/latex/xfor/xfor.sty
Package: xfor 2009/02/05 v1.05 (NLCT)
)
(/nix/store/mmsrx80s04dd1s9bwnv7k4n5pyil4lkz-texlive-combined-full-2025.2025070
3-texmfdist/tex/latex/amsmath/amsgen.sty
File: amsgen.sty 1999/11/30 v2.0 generic functions
\@emptytoks=\toks27
\ex@=\dimen160
)

Package glossaries Warning: sanitize package option deprecated on input line 12
61.


(/nix/store/mmsrx80s04dd1s9bwnv7k4n5pyil4lkz-texlive-combined-full-2025.2025070
3-texmfdist/tex/latex/tracklang/tracklang.sty
Package: tracklang 2025/03/11 v1.6.6 (NLCT) Track Languages

(/nix/store/mmsrx80s04dd1s9bwnv7k4n5pyil4lkz-texlive-combined-full-2025.2025070
3-texmfdist/tex/generic/tracklang/tracklang.tex)
Package tracklang Info: Tracking dialect `czech' (language `czech') on input li
ne 264.
Package tracklang Info: Tracking dialect `english' (language `english') on inpu
t line 264.
Package tracklang Info: Tracking dialect `czech' (language `czech') on input li
ne 264.
Package tracklang Info: Tracking dialect `english' (language `english') on inpu
t line 264.
Package tracklang Info: Tracking dialect `czech' (language `czech') on input li
ne 264.
)
(/nix/store/mmsrx80s04dd1s9bwnv7k4n5pyil4lkz-texlive-combined-full-2025.2025070
3-texmfdist/tex/latex/translator/translator.sty
Package: translator 2021-05-31 v1.12d Easy translation of strings in LaTeX
)

Package glossaries Warning: No language module detected for `czech'.
(glossaries)                Language modules need to be installed separately.
(glossaries)                Please check on CTAN for a bundle called
(glossaries)                `glossaries-czech' or similar.


(/nix/store/mmsrx80s04dd1s9bwnv7k4n5pyil4lkz-texlive-combined-full-2025.2025070
3-texmfdist/tex/latex/glossaries-english/glossaries-english.ldf
File: glossaries-english.ldf 2014/11/23 v1.0
)
(/nix/store/mmsrx80s04dd1s9bwnv7k4n5pyil4lkz-texlive-combined-full-2025.2025070
3-texmfdist/tex/latex/datatool/datatool-base.sty
Package: datatool-base 2025/04/25 v3.4.1 (NLCT)

(/nix/store/mmsrx80s04dd1s9bwnv7k4n5pyil4lkz-texlive-combined-full-2025.2025070
3-texmfdist/tex/latex/amsmath/amsmath.sty
Package: amsmath 2025/06/16 v2.17y AMS math features
\@mathmargin=\skip55

For additional information on amsmath, use the `?' option.

(/nix/store/mmsrx80s04dd1s9bwnv7k4n5pyil4lkz-texlive-combined-full-2025.2025070
3-texmfdist/tex/latex/amsmath/amstext.sty
Package: amstext 2024/11/17 v2.01 AMS text
)
(/nix/store/mmsrx80s04dd1s9bwnv7k4n5pyil4lkz-texlive-combined-full-2025.2025070
3-texmfdist/tex/latex/amsmath/amsbsy.sty
Package: amsbsy 1999/11/29 v1.2d Bold Symbols
\pmbraise@=\dimen161
)
(/nix/store/mmsrx80s04dd1s9bwnv7k4n5pyil4lkz-texlive-combined-full-2025.2025070
3-texmfdist/tex/latex/amsmath/amsopn.sty
Package: amsopn 2022/04/08 v2.04 operator names
)
\inf@bad=\count309
LaTeX Info: Redefining \frac on input line 233.
\uproot@=\count310
\leftroot@=\count311
LaTeX Info: Redefining \overline on input line 398.
LaTeX Info: Redefining \colon on input line 409.
\classnum@=\count312
\DOTSCASE@=\count313
LaTeX Info: Redefining \ldots on input line 495.
LaTeX Info: Redefining \dots on input line 498.
LaTeX Info: Redefining \cdots on input line 619.
\Mathstrutbox@=\box57
\strutbox@=\box58
LaTeX Info: Redefining \big on input line 721.
LaTeX Info: Redefining \Big on input line 722.
LaTeX Info: Redefining \bigg on input line 723.
LaTeX Info: Redefining \Bigg on input line 724.
\big@size=\dimen162
LaTeX Font Info:    Redeclaring font encoding OML on input line 742.
LaTeX Font Info:    Redeclaring font encoding OMS on input line 743.
\macc@depth=\count314
LaTeX Info: Redefining \bmod on input line 904.
LaTeX Info: Redefining \pmod on input line 909.
LaTeX Info: Redefining \smash on input line 939.
LaTeX Info: Redefining \relbar on input line 969.
LaTeX Info: Redefining \Relbar on input line 970.
\c@MaxMatrixCols=\count315
\dotsspace@=\muskip18
\c@parentequation=\count316
\dspbrk@lvl=\count317
\tag@help=\toks28
\row@=\count318
\column@=\count319
\maxfields@=\count320
\andhelp@=\toks29
\eqnshift@=\dimen163
\alignsep@=\dimen164
\tagshift@=\dimen165
\tagwidth@=\dimen166
\totwidth@=\dimen167
\lineht@=\dimen168
\@envbody=\toks30
\multlinegap=\skip56
\multlinetaggap=\skip57
\mathdisplay@stack=\toks31
LaTeX Info: Redefining \[ on input line 2949.
LaTeX Info: Redefining \] on input line 2950.
)
(/nix/store/mmsrx80s04dd1s9bwnv7k4n5pyil4lkz-texlive-combined-full-2025.2025070
3-texmfdist/tex/latex/datatool/datatool-l3fp.def
File: datatool-l3fp.def 2025/04/25 v3.4.1 (NLCT)
)
\@dtl@toks=\toks32
\@dtl@tmpcount=\count321
\dtl@tmplength=\skip58
\l__datatool_measure_box=\box59
\dtl@sortresult=\count322

(/nix/store/mmsrx80s04dd1s9bwnv7k4n5pyil4lkz-texlive-combined-full-2025.2025070
3-texmfdist/tex/latex/datatool/datatool-utf8.ldf
File: datatool-utf8.ldf 2025/04/25 v3.4.1 (NLCT)
)
\@dtl@datatype=\count323
\l__datatool_tmpa_int=\count324
\l__datatool_tmpb_int=\count325
\l__datatool_tmpc_int=\count326
\l__datatool_tmpd_int=\count327
\l__datatool_count_int=\count328
\l__datatool_tmp_datatype_int=\count329
\l__datatool_tmpa_dim=\dimen169
\l__datatool_tmpb_dim=\dimen170
\c_datatool_unknown_int=\count330
\l__datatool_year_int=\count331
\l__datatool_month_int=\count332
\l__datatool_day_int=\count333
\l__datatool_hour_int=\count334
\l__datatool_minute_int=\count335
\l__datatool_second_int=\count336
\l__datatool_tzhour_int=\count337
\l__datatool_tzminute_int=\count338
\l__datatool_julian_int=\count339
\l__datatool_local_julian_int=\count340
\l__datatool_prefix_int=\count341
\l__datatool_suffix_int=\count342
\@dtl@foreach@level=\count343


Package tracklang Warning: No `datatool' support for dialect `czech'  on input 
line 9908.


(/nix/store/mmsrx80s04dd1s9bwnv7k4n5pyil4lkz-texlive-combined-full-2025.2025070
3-texmfdist/tex/latex/datatool-english/datatool-english.ldf
File: datatool-english.ldf 2025/03/12 v1.1 (NLCT)

(/nix/store/mmsrx80s04dd1s9bwnv7k4n5pyil4lkz-texlive-combined-full-2025.2025070
3-texmfdist/tex/latex/datatool-english/datatool-english-utf8.ldf
File: datatool-english-utf8.ldf 2025/03/12 v1.1 (NLCT)
))
\dtl@codeA=\count344
\dtl@codeB=\count345
)
\gls@level=\count346
\@gls@tmpb=\toks33
\gls@tmplen=\skip59
\l__glossaries_tmpa_dim=\dimen171
\l__glossaries_tmpb_dim=\dimen172
\glskeylisttok=\toks34
\glslabeltok=\toks35
\glsshorttok=\toks36
\glslongtok=\toks37

(/nix/store/mmsrx80s04dd1s9bwnv7k4n5pyil4lkz-texlive-combined-full-2025.2025070
3-texmfdist/tex/latex/glossaries/styles/glossary-hypernav.sty
Package: glossary-hypernav 2025/05/14 v4.7 (NLCT)
)
(/nix/store/mmsrx80s04dd1s9bwnv7k4n5pyil4lkz-texlive-combined-full-2025.2025070
3-texmfdist/tex/latex/glossaries/styles/glossary-list.sty
Package: glossary-list 2025/05/14 v4.7 (NLCT)
\glslistdottedwidth=\skip60
)
(/nix/store/mmsrx80s04dd1s9bwnv7k4n5pyil4lkz-texlive-combined-full-2025.2025070
3-texmfdist/tex/latex/glossaries/styles/glossary-long.sty
Package: glossary-long 2025/05/14 v4.7 (NLCT)

(/nix/store/mmsrx80s04dd1s9bwnv7k4n5pyil4lkz-texlive-combined-full-2025.2025070
3-texmfdist/tex/latex/tools/longtable.sty
Package: longtable 2024-12-18 v4.23 Multi-page Table package (DPC)
\LTleft=\skip61
\LTright=\skip62
\LTpre=\skip63
\LTpost=\skip64
\LTchunksize=\count347
\LTcapwidth=\dimen173
\LT@head=\box60
\LT@firsthead=\box61
\LT@foot=\box62
\LT@lastfoot=\box63
\LT@gbox=\box64
\LT@cols=\count348
\LT@rows=\count349
\c@LT@tables=\count350
\c@LT@chunks=\count351
\LT@p@ftn=\toks38
)
\glsdescwidth=\skip65
\glspagelistwidth=\skip66
)
(/nix/store/mmsrx80s04dd1s9bwnv7k4n5pyil4lkz-texlive-combined-full-2025.2025070
3-texmfdist/tex/latex/glossaries/styles/glossary-super.sty
Package: glossary-super 2025/05/14 v4.7 (NLCT)

(/nix/store/mmsrx80s04dd1s9bwnv7k4n5pyil4lkz-texlive-combined-full-2025.2025070
3-texmfdist/tex/latex/supertabular/supertabular.sty
Package: supertabular 2024/07/20 v4.2c the supertabular environment
\c@tracingst=\count352
\ST@wd=\dimen174
\ST@rightskip=\skip67
\ST@leftskip=\skip68
\ST@parfillskip=\skip69
\ST@pageleft=\dimen175
\ST@headht=\dimen176
\ST@tailht=\dimen177
\ST@pagesofar=\dimen178
\ST@pboxht=\dimen179
\ST@rowht=\dimen180
\ST@prevht=\dimen181
\ST@toadd=\dimen182
\ST@dimen=\dimen183
\ST@pbox=\box65
))
(/nix/store/mmsrx80s04dd1s9bwnv7k4n5pyil4lkz-texlive-combined-full-2025.2025070
3-texmfdist/tex/latex/glossaries/styles/glossary-tree.sty
Package: glossary-tree 2025/05/14 v4.7 (NLCT)
\l__glossaries_tree_max_known_level_int=\count353
\l__glossaries_tree_offset_dim=\dimen184
\l__glossaries_tree_namewidth_dim=\dimen185
\l__glossaries_tree_symbolwidth_dim=\dimen186
\l__glossaries_tree_prenamesym_width_dim=\dimen187
\l__glossaries_tree_presubnamesym_width_dim=\dimen188
\l__glossaries_tree_namewidth_padding_dim=\dimen189
\l__glossaries_tree_symbolwidth_padding_dim=\dimen190
\l__glossaries_tree_namesymbolwidth_dim=\dimen191
\l__glossaries_tree_namesymbolwidth_padding_dim=\dimen192
\l__glossaries_tree_level_int=\count354
\glstreeindent=\skip70
))
(/nix/store/mmsrx80s04dd1s9bwnv7k4n5pyil4lkz-texlive-combined-full-2025.2025070
3-texmfdist/tex/latex/lm/lmodern.sty
Package: lmodern 2015/05/01 v1.6.1 Latin Modern Fonts
LaTeX Font Info:    Overwriting symbol font `operators' in version `normal'
(Font)                  OT1/cmr/m/n --> OT1/lmr/m/n on input line 22.
LaTeX Font Info:    Overwriting symbol font `letters' in version `normal'
(Font)                  OML/cmm/m/it --> OML/lmm/m/it on input line 23.
LaTeX Font Info:    Overwriting symbol font `symbols' in version `normal'
(Font)                  OMS/cmsy/m/n --> OMS/lmsy/m/n on input line 24.
LaTeX Font Info:    Overwriting symbol font `largesymbols' in version `normal'
(Font)                  OMX/cmex/m/n --> OMX/lmex/m/n on input line 25.
LaTeX Font Info:    Overwriting symbol font `operators' in version `bold'
(Font)                  OT1/cmr/bx/n --> OT1/lmr/bx/n on input line 26.
LaTeX Font Info:    Overwriting symbol font `letters' in version `bold'
(Font)                  OML/cmm/b/it --> OML/lmm/b/it on input line 27.
LaTeX Font Info:    Overwriting symbol font `symbols' in version `bold'
(Font)                  OMS/cmsy/b/n --> OMS/lmsy/b/n on input line 28.
LaTeX Font Info:    Overwriting symbol font `largesymbols' in version `bold'
(Font)                  OMX/cmex/m/n --> OMX/lmex/m/n on input line 29.
LaTeX Font Info:    Overwriting math alphabet `\mathbf' in version `normal'
(Font)                  OT1/cmr/bx/n --> OT1/lmr/bx/n on input line 31.
LaTeX Font Info:    Overwriting math alphabet `\mathsf' in version `normal'
(Font)                  OT1/cmss/m/n --> OT1/lmss/m/n on input line 32.
LaTeX Font Info:    Overwriting math alphabet `\mathit' in version `normal'
(Font)                  OT1/cmr/m/it --> OT1/lmr/m/it on input line 33.
LaTeX Font Info:    Overwriting math alphabet `\mathtt' in version `normal'
(Font)                  OT1/cmtt/m/n --> OT1/lmtt/m/n on input line 34.
LaTeX Font Info:    Overwriting math alphabet `\mathbf' in version `bold'
(Font)                  OT1/cmr/bx/n --> OT1/lmr/bx/n on input line 35.
LaTeX Font Info:    Overwriting math alphabet `\mathsf' in version `bold'
(Font)                  OT1/cmss/bx/n --> OT1/lmss/bx/n on input line 36.
LaTeX Font Info:    Overwriting math alphabet `\mathit' in version `bold'
(Font)                  OT1/cmr/bx/it --> OT1/lmr/bx/it on input line 37.
LaTeX Font Info:    Overwriting math alphabet `\mathtt' in version `bold'
(Font)                  OT1/cmtt/m/n --> OT1/lmtt/m/n on input line 38.
)
(/nix/store/mmsrx80s04dd1s9bwnv7k4n5pyil4lkz-texlive-combined-full-2025.2025070
3-texmfdist/tex/latex/base/fontenc.sty
Package: fontenc 2024/12/21 v2.1c Standard LaTeX package
LaTeX Font Info:    Trying to load font information for T1+lmr on input line 11
6.

(/nix/store/mmsrx80s04dd1s9bwnv7k4n5pyil4lkz-texlive-combined-full-2025.2025070
3-texmfdist/tex/latex/lm/t1lmr.fd
File: t1lmr.fd 2015/05/01 v1.6.1 Font defs for Latin Modern
))
(/nix/store/mmsrx80s04dd1s9bwnv7k4n5pyil4lkz-texlive-combined-full-2025.2025070
3-texmfdist/tex/latex/graphics/graphicx.sty
Package: graphicx 2024/12/31 v1.2e Enhanced LaTeX Graphics (DPC,SPQR)

(/nix/store/mmsrx80s04dd1s9bwnv7k4n5pyil4lkz-texlive-combined-full-2025.2025070
3-texmfdist/tex/latex/graphics/graphics.sty
Package: graphics 2024/08/06 v1.4g Standard LaTeX Graphics (DPC,SPQR)

(/nix/store/mmsrx80s04dd1s9bwnv7k4n5pyil4lkz-texlive-combined-full-2025.2025070
3-texmfdist/tex/latex/graphics/trig.sty
Package: trig 2023/12/02 v1.11 sin cos tan (DPC)
)
(/nix/store/mmsrx80s04dd1s9bwnv7k4n5pyil4lkz-texlive-combined-full-2025.2025070
3-texmfdist/tex/latex/graphics-cfg/graphics.cfg
File: graphics.cfg 2016/06/04 v1.11 sample graphics configuration
)
Package graphics Info: Driver file: pdftex.def on input line 106.
)
\Gin@req@height=\dimen193
\Gin@req@width=\dimen194
)
(/nix/store/mmsrx80s04dd1s9bwnv7k4n5pyil4lkz-texlive-combined-full-2025.2025070
3-texmfdist/tex/latex/csquotes/csquotes.sty
Package: csquotes 2024-04-04 v5.2o context-sensitive quotations (JAW)
\csq@reset=\count355
\csq@gtype=\count356
\csq@glevel=\count357
\csq@qlevel=\count358
\csq@maxlvl=\count359
\csq@tshold=\count360
\csq@ltx@everypar=\toks39

(/nix/store/mmsrx80s04dd1s9bwnv7k4n5pyil4lkz-texlive-combined-full-2025.2025070
3-texmfdist/tex/latex/csquotes/csquotes.def
File: csquotes.def 2024-04-04 v5.2o csquotes generic definitions (JAW)
)
Package csquotes Info: Trying to load configuration file 'csquotes.cfg'...
Package csquotes Info: ... configuration file loaded successfully.

(/nix/store/mmsrx80s04dd1s9bwnv7k4n5pyil4lkz-texlive-combined-full-2025.2025070
3-texmfdist/tex/latex/csquotes/csquotes.cfg
File: csquotes.cfg 
))
Package csquotes Info: Redefining quotation style 'czech'.
Package csquotes Info: Redefining alias 'slovak' -> 'czech'.
Package hyperref Info: Option `colorlinks' set `true' on input line 297.
Package hyperref Info: Option `linktocpage' set `true' on input line 307.
Package hyperref Info: Option `pageanchor' set `true' on input line 307.
Package hyperref Info: Option `breaklinks' set `true' on input line 307.
Package hyperref Info: Option `plainpages' set `false' on input line 307.
Package hyperref Info: Option `bookmarksnumbered' set `true' on input line 307.

Package hyperref Info: Option `hypertexnames' set `true' on input line 307.
\glswrite=\write3
\glo@main@file=\write4
\openout4 = `kidiplom.glo'.

Package glossaries Info: Writing glossary file kidiplom.glo on input line 349.
\glo@acronym@file=\write5
\openout5 = `kidiplom.acn'.

Package glossaries Info: Writing glossary file kidiplom.acn on input line 349.

(/nix/store/mmsrx80s04dd1s9bwnv7k4n5pyil4lkz-texlive-combined-full-2025.2025070
3-texmfdist/tex/latex/biblatex/biblatex.sty
Package: biblatex 2024/03/21 v3.20 programmable bibliographies (PK/MW)

(/nix/store/mmsrx80s04dd1s9bwnv7k4n5pyil4lkz-texlive-combined-full-2025.2025070
3-texmfdist/tex/latex/logreq/logreq.sty
Package: logreq 2010/08/04 v1.0 xml request logger
\lrq@indent=\count361

(/nix/store/mmsrx80s04dd1s9bwnv7k4n5pyil4lkz-texlive-combined-full-2025.2025070
3-texmfdist/tex/latex/logreq/logreq.def
File: logreq.def 2010/08/04 v1.0 logreq spec v1.0
))
\c@tabx@nest=\count362
\c@listtotal=\count363
\c@listcount=\count364
\c@liststart=\count365
\c@liststop=\count366
\c@citecount=\count367
\c@citetotal=\count368
\c@multicitecount=\count369
\c@multicitetotal=\count370
\c@instcount=\count371
\c@maxnames=\count372
\c@minnames=\count373
\c@maxitems=\count374
\c@minitems=\count375
\c@citecounter=\count376
\c@maxcitecounter=\count377
\c@savedcitecounter=\count378
\c@uniquelist=\count379
\c@uniquename=\count380
\c@refsection=\count381
\c@refsegment=\count382
\c@maxextratitle=\count383
\c@maxextratitleyear=\count384
\c@maxextraname=\count385
\c@maxextradate=\count386
\c@maxextraalpha=\count387
\c@abbrvpenalty=\count388
\c@highnamepenalty=\count389
\c@lownamepenalty=\count390
\c@maxparens=\count391
\c@parenlevel=\count392
\blx@tempcnta=\count393
\blx@tempcntb=\count394
\blx@tempcntc=\count395
\c@blx@maxsection=\count396
\blx@maxsegment@0=\count397
\blx@notetype=\count398
\blx@parenlevel@text=\count399
\blx@parenlevel@foot=\count400
\blx@sectionciteorder@0=\count401
\blx@sectionciteorderinternal@0=\count402
\blx@entrysetcounter=\count403
\blx@biblioinstance=\count404
\labelnumberwidth=\skip71
\labelalphawidth=\skip72
\biblabelsep=\skip73
\bibitemsep=\skip74
\bibnamesep=\skip75
\bibinitsep=\skip76
\bibparsep=\skip77
\bibhang=\skip78
\blx@bcfin=\read3
\blx@bcfout=\write6
\blx@langwohyphens=\language91
\c@mincomprange=\count405
\c@maxcomprange=\count406
\c@mincompwidth=\count407
Package biblatex Info: Trying to load biblatex default data model...
Package biblatex Info: ... file 'blx-dm.def' found.

(/nix/store/mmsrx80s04dd1s9bwnv7k4n5pyil4lkz-texlive-combined-full-2025.2025070
3-texmfdist/tex/latex/biblatex/blx-dm.def
File: blx-dm.def 2024/03/21 v3.20 biblatex datamodel (PK/MW)
)
Package biblatex Info: Trying to load biblatex style data model...
Package biblatex Info: ... file 'iso-numeric.dbx' found.

(/nix/store/mmsrx80s04dd1s9bwnv7k4n5pyil4lkz-texlive-combined-full-2025.2025070
3-texmfdist/tex/latex/biblatex-iso690/iso-numeric.dbx
File: iso-numeric.dbx 2022/03/20 v0.4.1 ISO 690 biblatex data model extension
)
Package biblatex Info: Trying to load biblatex custom data model...
Package biblatex Info: ... file 'biblatex-dm.cfg' not found.
\c@afterword=\count408
\c@savedafterword=\count409
\c@annotator=\count410
\c@savedannotator=\count411
\c@author=\count412
\c@savedauthor=\count413
\c@bookauthor=\count414
\c@savedbookauthor=\count415
\c@commentator=\count416
\c@savedcommentator=\count417
\c@editor=\count418
\c@savededitor=\count419
\c@editora=\count420
\c@savededitora=\count421
\c@editorb=\count422
\c@savededitorb=\count423
\c@editorc=\count424
\c@savededitorc=\count425
\c@foreword=\count426
\c@savedforeword=\count427
\c@holder=\count428
\c@savedholder=\count429
\c@introduction=\count430
\c@savedintroduction=\count431
\c@namea=\count432
\c@savednamea=\count433
\c@nameb=\count434
\c@savednameb=\count435
\c@namec=\count436
\c@savednamec=\count437
\c@translator=\count438
\c@savedtranslator=\count439
\c@shortauthor=\count440
\c@savedshortauthor=\count441
\c@shorteditor=\count442
\c@savedshorteditor=\count443
\c@supervisor=\count444
\c@savedsupervisor=\count445
\c@labelname=\count446
\c@savedlabelname=\count447
\c@institution=\count448
\c@savedinstitution=\count449
\c@lista=\count450
\c@savedlista=\count451
\c@listb=\count452
\c@savedlistb=\count453
\c@listc=\count454
\c@savedlistc=\count455
\c@listd=\count456
\c@savedlistd=\count457
\c@liste=\count458
\c@savedliste=\count459
\c@listf=\count460
\c@savedlistf=\count461
\c@location=\count462
\c@savedlocation=\count463
\c@organization=\count464
\c@savedorganization=\count465
\c@origlocation=\count466
\c@savedoriglocation=\count467
\c@origpublisher=\count468
\c@savedorigpublisher=\count469
\c@publisher=\count470
\c@savedpublisher=\count471
\c@language=\count472
\c@savedlanguage=\count473
\c@origlanguage=\count474
\c@savedoriglanguage=\count475
\c@pageref=\count476
\c@savedpageref=\count477
\shorthandwidth=\skip79
\shortjournalwidth=\skip80
\shortserieswidth=\skip81
\shorttitlewidth=\skip82
\shortauthorwidth=\skip83
\shorteditorwidth=\skip84
\locallabelnumberwidth=\skip85
\locallabelalphawidth=\skip86
\localshorthandwidth=\skip87
\localshortjournalwidth=\skip88
\localshortserieswidth=\skip89
\localshorttitlewidth=\skip90
\localshortauthorwidth=\skip91
\localshorteditorwidth=\skip92
Package biblatex Info: Trying to load compatibility code...
Package biblatex Info: ... file 'blx-compat.def' found.

(/nix/store/mmsrx80s04dd1s9bwnv7k4n5pyil4lkz-texlive-combined-full-2025.2025070
3-texmfdist/tex/latex/biblatex/blx-compat.def
File: blx-compat.def 2024/03/21 v3.20 biblatex compatibility (PK/MW)
)
Package biblatex Info: Trying to load generic definitions...
Package biblatex Info: ... file 'biblatex.def' found.

(/nix/store/mmsrx80s04dd1s9bwnv7k4n5pyil4lkz-texlive-combined-full-2025.2025070
3-texmfdist/tex/latex/biblatex/biblatex.def
File: biblatex.def 2024/03/21 v3.20 biblatex compatibility (PK/MW)
\c@textcitecount=\count478
\c@textcitetotal=\count479
\c@textcitemaxnames=\count480
\c@biburlbigbreakpenalty=\count481
\c@biburlbreakpenalty=\count482
\c@biburlnumpenalty=\count483
\c@biburlucpenalty=\count484
\c@biburllcpenalty=\count485
\biburlbigskip=\muskip19
\biburlnumskip=\muskip20
\biburlucskip=\muskip21
\biburllcskip=\muskip22
\c@smartand=\count486
)
Package biblatex Info: Trying to load natbib compatibility...
Package biblatex Info: ... file 'blx-natbib.def' found.

(/nix/store/mmsrx80s04dd1s9bwnv7k4n5pyil4lkz-texlive-combined-full-2025.2025070
3-texmfdist/tex/latex/biblatex/blx-natbib.def
File: blx-natbib.def 2024/03/21 v3.20 biblatex compatibility (PK/MW)
Package biblatex Info: Delimiter 'nameyeardelim' in context '' already defined,
 overwriting.
)
Package biblatex Info: Trying to load bibliography style 'iso-numeric'...
Package biblatex Info: ... file 'iso-numeric.bbx' found.
 (./iso-numeric.bbx
File: iso-numeric.bbx 2011/06/08
Package biblatex Info: Trying to load bibliography style 'iso'...
Package biblatex Info: ... file 'iso.bbx' found.
 (./iso.bbx
File: iso.bbx 2011/01/09 v1.0 biblatex bibliography style


Package biblatex Warning: 'iso8601' date format specifier is deprecated.
(biblatex)                Use 'iso' instead.

\trashlength=\skip93

Package biblatex Warning: Macro 'urldate' already defined.
(biblatex)                Using \renewbibmacro.

))
Package biblatex Info: Trying to load citation style 'iso-numeric'...
Package biblatex Info: ... file 'iso-numeric.cbx' found.
 (./iso-numeric.cbx
File: iso-numeric.cbx 2011/06/08
Package biblatex Info: Trying to load citation style 'numeric'...
Package biblatex Info: ... file 'numeric.cbx' found.

(/nix/store/mmsrx80s04dd1s9bwnv7k4n5pyil4lkz-texlive-combined-full-2025.2025070
3-texmfdist/tex/latex/biblatex/cbx/numeric.cbx
File: numeric.cbx 2024/03/21 v3.20 biblatex citation style (PK/MW)
Package biblatex Info: Redefining '\cite'.
Package biblatex Info: Redefining '\parencite'.
Package biblatex Info: Redefining '\footcite'.
Package biblatex Info: Redefining '\footcitetext'.
Package biblatex Info: Redefining '\smartcite'.
Package biblatex Info: Redefining '\supercite'.
Package biblatex Info: Redefining '\textcite'.
Package biblatex Info: Redefining '\textcites'.
Package biblatex Info: Redefining '\cites'.
Package biblatex Info: Redefining '\parencites'.
Package biblatex Info: Redefining '\smartcites'.
))
Package biblatex Info: Trying to load configuration file...
Package biblatex Info: ... file 'biblatex.cfg' found.

(/nix/store/mmsrx80s04dd1s9bwnv7k4n5pyil4lkz-texlive-combined-full-2025.2025070
3-texmfdist/tex/latex/biblatex/biblatex.cfg
File: biblatex.cfg 
)

Package biblatex Warning: 'babel' option is deprecated.
(biblatex)                Please use 'autolang' instead.

Package biblatex Info: Input encoding 'utf8' detected.
Package biblatex Info: Document encoding is UTF8 ....

(/nix/store/mmsrx80s04dd1s9bwnv7k4n5pyil4lkz-texlive-combined-full-2025.2025070
3-texmfdist/tex/latex/l3kernel/expl3.sty
Package: expl3 2025-06-09 L3 programming layer (loader) 

(/nix/store/mmsrx80s04dd1s9bwnv7k4n5pyil4lkz-texlive-combined-full-2025.2025070
3-texmfdist/tex/latex/l3backend/l3backend-pdftex.def
File: l3backend-pdftex.def 2025-06-09 L3 backend support: PDF output (pdfTeX)
\l__color_backend_stack_int=\count487
))
Package biblatex Info: ... and expl3
(biblatex)             2025-06-09 L3 programming layer (loader) 
(biblatex)             is new enough (at least 2020/04/06),
(biblatex)             setting 'casechanger=expl3'.

(/nix/store/mmsrx80s04dd1s9bwnv7k4n5pyil4lkz-texlive-combined-full-2025.2025070
3-texmfdist/tex/latex/biblatex/blx-case-expl3.sty
(/nix/store/mmsrx80s04dd1s9bwnv7k4n5pyil4lkz-texlive-combined-full-2025.2025070
3-texmfdist/tex/latex/l3packages/xparse/xparse.sty
Package: xparse 2024-08-16 L3 Experimental document command parser
)
Package: blx-case-expl3 2024/03/21 v3.20 expl3 case changing code for biblatex
))
(/nix/store/mmsrx80s04dd1s9bwnv7k4n5pyil4lkz-texlive-combined-full-2025.2025070
3-texmfdist/tex/latex/listings/lstlang1.sty
File: lstlang1.sty 2024/09/23 1.10c listings language file
)
(/nix/store/mmsrx80s04dd1s9bwnv7k4n5pyil4lkz-texlive-combined-full-2025.2025070
3-texmfdist/tex/latex/listings/lstlang2.sty
File: lstlang2.sty 2024/09/23 1.10c listings language file
)
(/nix/store/mmsrx80s04dd1s9bwnv7k4n5pyil4lkz-texlive-combined-full-2025.2025070
3-texmfdist/tex/latex/listings/lstlang3.sty
File: lstlang3.sty 2024/09/23 1.10c listings language file
)
(/nix/store/mmsrx80s04dd1s9bwnv7k4n5pyil4lkz-texlive-combined-full-2025.2025070
3-texmfdist/tex/latex/listings/lstmisc.sty
File: lstmisc.sty 2024/09/23 1.10c (Carsten Heinz)
)
(/nix/store/mmsrx80s04dd1s9bwnv7k4n5pyil4lkz-texlive-combined-full-2025.2025070
3-texmfdist/tex/latex/amscls/amsthm.sty
Package: amsthm 2020/05/29 v2.20.6
\thm@style=\toks40
\thm@bodyfont=\toks41
\thm@headfont=\toks42
\thm@notefont=\toks43
\thm@headpunct=\toks44
\thm@preskip=\skip94
\thm@postskip=\skip95
\thm@headsep=\skip96
\dth@everypar=\toks45
)
(/nix/store/mmsrx80s04dd1s9bwnv7k4n5pyil4lkz-texlive-combined-full-2025.2025070
3-texmfdist/tex/latex/thmtools/thmtools.sty
Package: thmtools 2023/05/04 v0.76
\thmt@toks=\toks46
\c@thmt@dummyctr=\count488

(/nix/store/mmsrx80s04dd1s9bwnv7k4n5pyil4lkz-texlive-combined-full-2025.2025070
3-texmfdist/tex/latex/thmtools/thm-patch.sty
Package: thm-patch 2023/05/04 v0.76

(/nix/store/mmsrx80s04dd1s9bwnv7k4n5pyil4lkz-texlive-combined-full-2025.2025070
3-texmfdist/tex/latex/thmtools/parseargs.sty
Package: parseargs 2023/05/04 v0.76
\@parsespec=\toks47
))
(/nix/store/mmsrx80s04dd1s9bwnv7k4n5pyil4lkz-texlive-combined-full-2025.2025070
3-texmfdist/tex/latex/thmtools/thm-kv.sty
Package: thm-kv 2023/05/04 v0.76
Package thm-kv Info: Theorem names will be uppercased on input line 42.
Package thm-kv Info: kvsetkeys patch (v1.16 or later) on input line 158.
)
(/nix/store/mmsrx80s04dd1s9bwnv7k4n5pyil4lkz-texlive-combined-full-2025.2025070
3-texmfdist/tex/latex/thmtools/thm-autoref.sty
Package: thm-autoref 2023/05/04 v0.76

(/nix/store/mmsrx80s04dd1s9bwnv7k4n5pyil4lkz-texlive-combined-full-2025.2025070
3-texmfdist/tex/latex/thmtools/aliasctr.sty
Package: aliasctr 2023/05/04 v0.76
))
(/nix/store/mmsrx80s04dd1s9bwnv7k4n5pyil4lkz-texlive-combined-full-2025.2025070
3-texmfdist/tex/latex/thmtools/thm-listof.sty
Package: thm-listof 2023/05/04 v0.76
)
(/nix/store/mmsrx80s04dd1s9bwnv7k4n5pyil4lkz-texlive-combined-full-2025.2025070
3-texmfdist/tex/latex/thmtools/thm-restate.sty
Package: thm-restate 2023/05/04 v0.76
)
(/nix/store/mmsrx80s04dd1s9bwnv7k4n5pyil4lkz-texlive-combined-full-2025.2025070
3-texmfdist/tex/latex/thmtools/thm-amsthm.sty
Package: thm-amsthm 2023/05/04 v0.76
\thmt@style@headstyle=\toks48
))
Package thmtools Info: Key `qed' (with value `\qedsymbol ')
(thmtools)             is not a known style key.
(thmtools)             Will pass this to every \declaretheorem
(thmtools)             that uses `style=kiproofstyle' on input line 717.
\c@definition=\count489
)
(/nix/store/mmsrx80s04dd1s9bwnv7k4n5pyil4lkz-texlive-combined-full-2025.2025070
3-texmfdist/tex/latex/geometry/geometry.sty
Package: geometry 2020/01/02 v5.9 Page Geometry

(/nix/store/mmsrx80s04dd1s9bwnv7k4n5pyil4lkz-texlive-combined-full-2025.2025070
3-texmfdist/tex/generic/iftex/ifvtex.sty
Package: ifvtex 2019/10/25 v1.7 ifvtex legacy package. Use iftex instead.
)
\Gm@cnth=\count490
\Gm@cntv=\count491
\c@Gm@tempcnt=\count492
\Gm@bindingoffset=\dimen195
\Gm@wd@mp=\dimen196
\Gm@odd@mp=\dimen197
\Gm@even@mp=\dimen198
\Gm@layoutwidth=\dimen199
\Gm@layoutheight=\dimen256
\Gm@layouthoffset=\dimen257
\Gm@layoutvoffset=\dimen258
\Gm@dimlist=\toks49
)
(/nix/store/mmsrx80s04dd1s9bwnv7k4n5pyil4lkz-texlive-combined-full-2025.2025070
3-texmfdist/tex/latex/lastpage/lastpage.sty
Package: lastpage 2025/06/06 v2.1g lastpage: 2.09 or 2e? (HMM)

(/nix/store/mmsrx80s04dd1s9bwnv7k4n5pyil4lkz-texlive-combined-full-2025.2025070
3-texmfdist/tex/latex/lastpage/lastpage2e.sty
Package: lastpage2e 2025/06/06 v2.1g Decide which 2e lastpage version to use (H
MM)

(/nix/store/mmsrx80s04dd1s9bwnv7k4n5pyil4lkz-texlive-combined-full-2025.2025070
3-texmfdist/tex/latex/lastpage/lastpagemodern.sty
Package: lastpagemodern 2025-06-06 v2.1g Refers to last page's name (HMM; JPG)
\c@lastpagecount=\count493
) 
))
(/nix/store/mmsrx80s04dd1s9bwnv7k4n5pyil4lkz-texlive-combined-full-2025.2025070
3-texmfdist/tex/latex/amsfonts/amssymb.sty
Package: amssymb 2013/01/14 v3.01 AMS font symbols

(/nix/store/mmsrx80s04dd1s9bwnv7k4n5pyil4lkz-texlive-combined-full-2025.2025070
3-texmfdist/tex/latex/amsfonts/amsfonts.sty
Package: amsfonts 2013/01/14 v3.01 Basic AMSFonts support
\symAMSa=\mathgroup4
\symAMSb=\mathgroup5
LaTeX Font Info:    Redeclaring math symbol \hbar on input line 98.
LaTeX Font Info:    Overwriting math alphabet `\mathfrak' in version `bold'
(Font)                  U/euf/m/n --> U/euf/b/n on input line 106.
))
(/nix/store/mmsrx80s04dd1s9bwnv7k4n5pyil4lkz-texlive-combined-full-2025.2025070
3-texmfdist/tex/latex/amsfonts/euscript.sty
Package: euscript 2009/06/22 v3.00 Euler Script fonts
LaTeX Font Info:    Overwriting math alphabet `\EuScript' in version `bold'
(Font)                  U/eus/m/n --> U/eus/b/n on input line 33.
))
(/nix/store/mmsrx80s04dd1s9bwnv7k4n5pyil4lkz-texlive-combined-full-2025.2025070
3-texmfdist/tex/latex/pgf/frontendlayer/tikz.sty
(/nix/store/mmsrx80s04dd1s9bwnv7k4n5pyil4lkz-texlive-combined-full-2025.2025070
3-texmfdist/tex/latex/pgf/basiclayer/pgf.sty
(/nix/store/mmsrx80s04dd1s9bwnv7k4n5pyil4lkz-texlive-combined-full-2025.2025070
3-texmfdist/tex/latex/pgf/utilities/pgfrcs.sty
(/nix/store/mmsrx80s04dd1s9bwnv7k4n5pyil4lkz-texlive-combined-full-2025.2025070
3-texmfdist/tex/generic/pgf/utilities/pgfutil-common.tex
\pgfutil@everybye=\toks50
\pgfutil@tempdima=\dimen259
\pgfutil@tempdimb=\dimen260
)
(/nix/store/mmsrx80s04dd1s9bwnv7k4n5pyil4lkz-texlive-combined-full-2025.2025070
3-texmfdist/tex/generic/pgf/utilities/pgfutil-latex.def
\pgfutil@abb=\box66
)
(/nix/store/mmsrx80s04dd1s9bwnv7k4n5pyil4lkz-texlive-combined-full-2025.2025070
3-texmfdist/tex/generic/pgf/utilities/pgfrcs.code.tex
(/nix/store/mmsrx80s04dd1s9bwnv7k4n5pyil4lkz-texlive-combined-full-2025.2025070
3-texmfdist/tex/generic/pgf/pgf.revision.tex)
Package: pgfrcs 2023-01-15 v3.1.10 (3.1.10)
))
Package: pgf 2023-01-15 v3.1.10 (3.1.10)

(/nix/store/mmsrx80s04dd1s9bwnv7k4n5pyil4lkz-texlive-combined-full-2025.2025070
3-texmfdist/tex/latex/pgf/basiclayer/pgfcore.sty
(/nix/store/mmsrx80s04dd1s9bwnv7k4n5pyil4lkz-texlive-combined-full-2025.2025070
3-texmfdist/tex/latex/pgf/systemlayer/pgfsys.sty
(/nix/store/mmsrx80s04dd1s9bwnv7k4n5pyil4lkz-texlive-combined-full-2025.2025070
3-texmfdist/tex/generic/pgf/systemlayer/pgfsys.code.tex
Package: pgfsys 2023-01-15 v3.1.10 (3.1.10)

(/nix/store/mmsrx80s04dd1s9bwnv7k4n5pyil4lkz-texlive-combined-full-2025.2025070
3-texmfdist/tex/generic/pgf/utilities/pgfkeys.code.tex
\pgfkeys@pathtoks=\toks51
\pgfkeys@temptoks=\toks52

(/nix/store/mmsrx80s04dd1s9bwnv7k4n5pyil4lkz-texlive-combined-full-2025.2025070
3-texmfdist/tex/generic/pgf/utilities/pgfkeyslibraryfiltered.code.tex
\pgfkeys@tmptoks=\toks53
))
\pgf@x=\dimen261
\pgf@y=\dimen262
\pgf@xa=\dimen263
\pgf@ya=\dimen264
\pgf@xb=\dimen265
\pgf@yb=\dimen266
\pgf@xc=\dimen267
\pgf@yc=\dimen268
\pgf@xd=\dimen269
\pgf@yd=\dimen270
\w@pgf@writea=\write7
\r@pgf@reada=\read4
\c@pgf@counta=\count494
\c@pgf@countb=\count495
\c@pgf@countc=\count496
\c@pgf@countd=\count497
\t@pgf@toka=\toks54
\t@pgf@tokb=\toks55
\t@pgf@tokc=\toks56
\pgf@sys@id@count=\count498

(/nix/store/mmsrx80s04dd1s9bwnv7k4n5pyil4lkz-texlive-combined-full-2025.2025070
3-texmfdist/tex/generic/pgf/systemlayer/pgf.cfg
File: pgf.cfg 2023-01-15 v3.1.10 (3.1.10)
)
Driver file for pgf: pgfsys-pdftex.def

(/nix/store/mmsrx80s04dd1s9bwnv7k4n5pyil4lkz-texlive-combined-full-2025.2025070
3-texmfdist/tex/generic/pgf/systemlayer/pgfsys-pdftex.def
File: pgfsys-pdftex.def 2023-01-15 v3.1.10 (3.1.10)

(/nix/store/mmsrx80s04dd1s9bwnv7k4n5pyil4lkz-texlive-combined-full-2025.2025070
3-texmfdist/tex/generic/pgf/systemlayer/pgfsys-common-pdf.def
File: pgfsys-common-pdf.def 2023-01-15 v3.1.10 (3.1.10)
)))
(/nix/store/mmsrx80s04dd1s9bwnv7k4n5pyil4lkz-texlive-combined-full-2025.2025070
3-texmfdist/tex/generic/pgf/systemlayer/pgfsyssoftpath.code.tex
File: pgfsyssoftpath.code.tex 2023-01-15 v3.1.10 (3.1.10)
\pgfsyssoftpath@smallbuffer@items=\count499
\pgfsyssoftpath@bigbuffer@items=\count500
)
(/nix/store/mmsrx80s04dd1s9bwnv7k4n5pyil4lkz-texlive-combined-full-2025.2025070
3-texmfdist/tex/generic/pgf/systemlayer/pgfsysprotocol.code.tex
File: pgfsysprotocol.code.tex 2023-01-15 v3.1.10 (3.1.10)
))
(/nix/store/mmsrx80s04dd1s9bwnv7k4n5pyil4lkz-texlive-combined-full-2025.2025070
3-texmfdist/tex/generic/pgf/basiclayer/pgfcore.code.tex
Package: pgfcore 2023-01-15 v3.1.10 (3.1.10)

(/nix/store/mmsrx80s04dd1s9bwnv7k4n5pyil4lkz-texlive-combined-full-2025.2025070
3-texmfdist/tex/generic/pgf/math/pgfmath.code.tex
(/nix/store/mmsrx80s04dd1s9bwnv7k4n5pyil4lkz-texlive-combined-full-2025.2025070
3-texmfdist/tex/generic/pgf/math/pgfmathutil.code.tex)
(/nix/store/mmsrx80s04dd1s9bwnv7k4n5pyil4lkz-texlive-combined-full-2025.2025070
3-texmfdist/tex/generic/pgf/math/pgfmathparser.code.tex
\pgfmath@dimen=\dimen271
\pgfmath@count=\count501
\pgfmath@box=\box67
\pgfmath@toks=\toks57
\pgfmath@stack@operand=\toks58
\pgfmath@stack@operation=\toks59
)
(/nix/store/mmsrx80s04dd1s9bwnv7k4n5pyil4lkz-texlive-combined-full-2025.2025070
3-texmfdist/tex/generic/pgf/math/pgfmathfunctions.code.tex)
(/nix/store/mmsrx80s04dd1s9bwnv7k4n5pyil4lkz-texlive-combined-full-2025.2025070
3-texmfdist/tex/generic/pgf/math/pgfmathfunctions.basic.code.tex)
(/nix/store/mmsrx80s04dd1s9bwnv7k4n5pyil4lkz-texlive-combined-full-2025.2025070
3-texmfdist/tex/generic/pgf/math/pgfmathfunctions.trigonometric.code.tex)
(/nix/store/mmsrx80s04dd1s9bwnv7k4n5pyil4lkz-texlive-combined-full-2025.2025070
3-texmfdist/tex/generic/pgf/math/pgfmathfunctions.random.code.tex)
(/nix/store/mmsrx80s04dd1s9bwnv7k4n5pyil4lkz-texlive-combined-full-2025.2025070
3-texmfdist/tex/generic/pgf/math/pgfmathfunctions.comparison.code.tex)
(/nix/store/mmsrx80s04dd1s9bwnv7k4n5pyil4lkz-texlive-combined-full-2025.2025070
3-texmfdist/tex/generic/pgf/math/pgfmathfunctions.base.code.tex)
(/nix/store/mmsrx80s04dd1s9bwnv7k4n5pyil4lkz-texlive-combined-full-2025.2025070
3-texmfdist/tex/generic/pgf/math/pgfmathfunctions.round.code.tex)
(/nix/store/mmsrx80s04dd1s9bwnv7k4n5pyil4lkz-texlive-combined-full-2025.2025070
3-texmfdist/tex/generic/pgf/math/pgfmathfunctions.misc.code.tex)
(/nix/store/mmsrx80s04dd1s9bwnv7k4n5pyil4lkz-texlive-combined-full-2025.2025070
3-texmfdist/tex/generic/pgf/math/pgfmathfunctions.integerarithmetics.code.tex)
(/nix/store/mmsrx80s04dd1s9bwnv7k4n5pyil4lkz-texlive-combined-full-2025.2025070
3-texmfdist/tex/generic/pgf/math/pgfmathcalc.code.tex)
(/nix/store/mmsrx80s04dd1s9bwnv7k4n5pyil4lkz-texlive-combined-full-2025.2025070
3-texmfdist/tex/generic/pgf/math/pgfmathfloat.code.tex
\c@pgfmathroundto@lastzeros=\count502
))
(/nix/store/mmsrx80s04dd1s9bwnv7k4n5pyil4lkz-texlive-combined-full-2025.2025070
3-texmfdist/tex/generic/pgf/math/pgfint.code.tex)
(/nix/store/mmsrx80s04dd1s9bwnv7k4n5pyil4lkz-texlive-combined-full-2025.2025070
3-texmfdist/tex/generic/pgf/basiclayer/pgfcorepoints.code.tex
File: pgfcorepoints.code.tex 2023-01-15 v3.1.10 (3.1.10)
\pgf@picminx=\dimen272
\pgf@picmaxx=\dimen273
\pgf@picminy=\dimen274
\pgf@picmaxy=\dimen275
\pgf@pathminx=\dimen276
\pgf@pathmaxx=\dimen277
\pgf@pathminy=\dimen278
\pgf@pathmaxy=\dimen279
\pgf@xx=\dimen280
\pgf@xy=\dimen281
\pgf@yx=\dimen282
\pgf@yy=\dimen283
\pgf@zx=\dimen284
\pgf@zy=\dimen285
)
(/nix/store/mmsrx80s04dd1s9bwnv7k4n5pyil4lkz-texlive-combined-full-2025.2025070
3-texmfdist/tex/generic/pgf/basiclayer/pgfcorepathconstruct.code.tex
File: pgfcorepathconstruct.code.tex 2023-01-15 v3.1.10 (3.1.10)
\pgf@path@lastx=\dimen286
\pgf@path@lasty=\dimen287
)
(/nix/store/mmsrx80s04dd1s9bwnv7k4n5pyil4lkz-texlive-combined-full-2025.2025070
3-texmfdist/tex/generic/pgf/basiclayer/pgfcorepathusage.code.tex
File: pgfcorepathusage.code.tex 2023-01-15 v3.1.10 (3.1.10)
\pgf@shorten@end@additional=\dimen288
\pgf@shorten@start@additional=\dimen289
)
(/nix/store/mmsrx80s04dd1s9bwnv7k4n5pyil4lkz-texlive-combined-full-2025.2025070
3-texmfdist/tex/generic/pgf/basiclayer/pgfcorescopes.code.tex
File: pgfcorescopes.code.tex 2023-01-15 v3.1.10 (3.1.10)
\pgfpic=\box68
\pgf@hbox=\box69
\pgf@layerbox@main=\box70
\pgf@picture@serial@count=\count503
)
(/nix/store/mmsrx80s04dd1s9bwnv7k4n5pyil4lkz-texlive-combined-full-2025.2025070
3-texmfdist/tex/generic/pgf/basiclayer/pgfcoregraphicstate.code.tex
File: pgfcoregraphicstate.code.tex 2023-01-15 v3.1.10 (3.1.10)
\pgflinewidth=\dimen290
)
(/nix/store/mmsrx80s04dd1s9bwnv7k4n5pyil4lkz-texlive-combined-full-2025.2025070
3-texmfdist/tex/generic/pgf/basiclayer/pgfcoretransformations.code.tex
File: pgfcoretransformations.code.tex 2023-01-15 v3.1.10 (3.1.10)
\pgf@pt@x=\dimen291
\pgf@pt@y=\dimen292
\pgf@pt@temp=\dimen293
)
(/nix/store/mmsrx80s04dd1s9bwnv7k4n5pyil4lkz-texlive-combined-full-2025.2025070
3-texmfdist/tex/generic/pgf/basiclayer/pgfcorequick.code.tex
File: pgfcorequick.code.tex 2023-01-15 v3.1.10 (3.1.10)
)
(/nix/store/mmsrx80s04dd1s9bwnv7k4n5pyil4lkz-texlive-combined-full-2025.2025070
3-texmfdist/tex/generic/pgf/basiclayer/pgfcoreobjects.code.tex
File: pgfcoreobjects.code.tex 2023-01-15 v3.1.10 (3.1.10)
)
(/nix/store/mmsrx80s04dd1s9bwnv7k4n5pyil4lkz-texlive-combined-full-2025.2025070
3-texmfdist/tex/generic/pgf/basiclayer/pgfcorepathprocessing.code.tex
File: pgfcorepathprocessing.code.tex 2023-01-15 v3.1.10 (3.1.10)
)
(/nix/store/mmsrx80s04dd1s9bwnv7k4n5pyil4lkz-texlive-combined-full-2025.2025070
3-texmfdist/tex/generic/pgf/basiclayer/pgfcorearrows.code.tex
File: pgfcorearrows.code.tex 2023-01-15 v3.1.10 (3.1.10)
\pgfarrowsep=\dimen294
)
(/nix/store/mmsrx80s04dd1s9bwnv7k4n5pyil4lkz-texlive-combined-full-2025.2025070
3-texmfdist/tex/generic/pgf/basiclayer/pgfcoreshade.code.tex
File: pgfcoreshade.code.tex 2023-01-15 v3.1.10 (3.1.10)
\pgf@max=\dimen295
\pgf@sys@shading@range@num=\count504
\pgf@shadingcount=\count505
)
(/nix/store/mmsrx80s04dd1s9bwnv7k4n5pyil4lkz-texlive-combined-full-2025.2025070
3-texmfdist/tex/generic/pgf/basiclayer/pgfcoreimage.code.tex
File: pgfcoreimage.code.tex 2023-01-15 v3.1.10 (3.1.10)
)
(/nix/store/mmsrx80s04dd1s9bwnv7k4n5pyil4lkz-texlive-combined-full-2025.2025070
3-texmfdist/tex/generic/pgf/basiclayer/pgfcoreexternal.code.tex
File: pgfcoreexternal.code.tex 2023-01-15 v3.1.10 (3.1.10)
\pgfexternal@startupbox=\box71
)
(/nix/store/mmsrx80s04dd1s9bwnv7k4n5pyil4lkz-texlive-combined-full-2025.2025070
3-texmfdist/tex/generic/pgf/basiclayer/pgfcorelayers.code.tex
File: pgfcorelayers.code.tex 2023-01-15 v3.1.10 (3.1.10)
)
(/nix/store/mmsrx80s04dd1s9bwnv7k4n5pyil4lkz-texlive-combined-full-2025.2025070
3-texmfdist/tex/generic/pgf/basiclayer/pgfcoretransparency.code.tex
File: pgfcoretransparency.code.tex 2023-01-15 v3.1.10 (3.1.10)
)
(/nix/store/mmsrx80s04dd1s9bwnv7k4n5pyil4lkz-texlive-combined-full-2025.2025070
3-texmfdist/tex/generic/pgf/basiclayer/pgfcorepatterns.code.tex
File: pgfcorepatterns.code.tex 2023-01-15 v3.1.10 (3.1.10)
)
(/nix/store/mmsrx80s04dd1s9bwnv7k4n5pyil4lkz-texlive-combined-full-2025.2025070
3-texmfdist/tex/generic/pgf/basiclayer/pgfcorerdf.code.tex
File: pgfcorerdf.code.tex 2023-01-15 v3.1.10 (3.1.10)
)))
(/nix/store/mmsrx80s04dd1s9bwnv7k4n5pyil4lkz-texlive-combined-full-2025.2025070
3-texmfdist/tex/generic/pgf/modules/pgfmoduleshapes.code.tex
File: pgfmoduleshapes.code.tex 2023-01-15 v3.1.10 (3.1.10)
\pgfnodeparttextbox=\box72
)
(/nix/store/mmsrx80s04dd1s9bwnv7k4n5pyil4lkz-texlive-combined-full-2025.2025070
3-texmfdist/tex/generic/pgf/modules/pgfmoduleplot.code.tex
File: pgfmoduleplot.code.tex 2023-01-15 v3.1.10 (3.1.10)
)
(/nix/store/mmsrx80s04dd1s9bwnv7k4n5pyil4lkz-texlive-combined-full-2025.2025070
3-texmfdist/tex/latex/pgf/compatibility/pgfcomp-version-0-65.sty
Package: pgfcomp-version-0-65 2023-01-15 v3.1.10 (3.1.10)
\pgf@nodesepstart=\dimen296
\pgf@nodesepend=\dimen297
)
(/nix/store/mmsrx80s04dd1s9bwnv7k4n5pyil4lkz-texlive-combined-full-2025.2025070
3-texmfdist/tex/latex/pgf/compatibility/pgfcomp-version-1-18.sty
Package: pgfcomp-version-1-18 2023-01-15 v3.1.10 (3.1.10)
))
(/nix/store/mmsrx80s04dd1s9bwnv7k4n5pyil4lkz-texlive-combined-full-2025.2025070
3-texmfdist/tex/latex/pgf/utilities/pgffor.sty
(/nix/store/mmsrx80s04dd1s9bwnv7k4n5pyil4lkz-texlive-combined-full-2025.2025070
3-texmfdist/tex/latex/pgf/utilities/pgfkeys.sty
(/nix/store/mmsrx80s04dd1s9bwnv7k4n5pyil4lkz-texlive-combined-full-2025.2025070
3-texmfdist/tex/generic/pgf/utilities/pgfkeys.code.tex))
(/nix/store/mmsrx80s04dd1s9bwnv7k4n5pyil4lkz-texlive-combined-full-2025.2025070
3-texmfdist/tex/latex/pgf/math/pgfmath.sty
(/nix/store/mmsrx80s04dd1s9bwnv7k4n5pyil4lkz-texlive-combined-full-2025.2025070
3-texmfdist/tex/generic/pgf/math/pgfmath.code.tex))
(/nix/store/mmsrx80s04dd1s9bwnv7k4n5pyil4lkz-texlive-combined-full-2025.2025070
3-texmfdist/tex/generic/pgf/utilities/pgffor.code.tex
Package: pgffor 2023-01-15 v3.1.10 (3.1.10)
\pgffor@iter=\dimen298
\pgffor@skip=\dimen299
\pgffor@stack=\toks60
\pgffor@toks=\toks61
))
(/nix/store/mmsrx80s04dd1s9bwnv7k4n5pyil4lkz-texlive-combined-full-2025.2025070
3-texmfdist/tex/generic/pgf/frontendlayer/tikz/tikz.code.tex
Package: tikz 2023-01-15 v3.1.10 (3.1.10)

(/nix/store/mmsrx80s04dd1s9bwnv7k4n5pyil4lkz-texlive-combined-full-2025.2025070
3-texmfdist/tex/generic/pgf/libraries/pgflibraryplothandlers.code.tex
File: pgflibraryplothandlers.code.tex 2023-01-15 v3.1.10 (3.1.10)
\pgf@plot@mark@count=\count506
\pgfplotmarksize=\dimen300
)
\tikz@lastx=\dimen301
\tikz@lasty=\dimen302
\tikz@lastxsaved=\dimen303
\tikz@lastysaved=\dimen304
\tikz@lastmovetox=\dimen305
\tikz@lastmovetoy=\dimen306
\tikzleveldistance=\dimen307
\tikzsiblingdistance=\dimen308
\tikz@figbox=\box73
\tikz@figbox@bg=\box74
\tikz@tempbox=\box75
\tikz@tempbox@bg=\box76
\tikztreelevel=\count507
\tikznumberofchildren=\count508
\tikznumberofcurrentchild=\count509
\tikz@fig@count=\count510

(/nix/store/mmsrx80s04dd1s9bwnv7k4n5pyil4lkz-texlive-combined-full-2025.2025070
3-texmfdist/tex/generic/pgf/modules/pgfmodulematrix.code.tex
File: pgfmodulematrix.code.tex 2023-01-15 v3.1.10 (3.1.10)
\pgfmatrixcurrentrow=\count511
\pgfmatrixcurrentcolumn=\count512
\pgf@matrix@numberofcolumns=\count513
)
\tikz@expandcount=\count514

(/nix/store/mmsrx80s04dd1s9bwnv7k4n5pyil4lkz-texlive-combined-full-2025.2025070
3-texmfdist/tex/generic/pgf/frontendlayer/tikz/libraries/tikzlibrarytopaths.cod
e.tex
File: tikzlibrarytopaths.code.tex 2023-01-15 v3.1.10 (3.1.10)
)))
(/nix/store/mmsrx80s04dd1s9bwnv7k4n5pyil4lkz-texlive-combined-full-2025.2025070
3-texmfdist/tex/generic/pgf/frontendlayer/tikz/libraries/tikzlibraryshapes.code
.tex
File: tikzlibraryshapes.code.tex 2023-01-15 v3.1.10 (3.1.10)

(/nix/store/mmsrx80s04dd1s9bwnv7k4n5pyil4lkz-texlive-combined-full-2025.2025070
3-texmfdist/tex/generic/pgf/frontendlayer/tikz/libraries/tikzlibraryshapes.geom
etric.code.tex
File: tikzlibraryshapes.geometric.code.tex 2023-01-15 v3.1.10 (3.1.10)

(/nix/store/mmsrx80s04dd1s9bwnv7k4n5pyil4lkz-texlive-combined-full-2025.2025070
3-texmfdist/tex/generic/pgf/libraries/shapes/pgflibraryshapes.geometric.code.te
x
File: pgflibraryshapes.geometric.code.tex 2023-01-15 v3.1.10 (3.1.10)
))
(/nix/store/mmsrx80s04dd1s9bwnv7k4n5pyil4lkz-texlive-combined-full-2025.2025070
3-texmfdist/tex/generic/pgf/frontendlayer/tikz/libraries/tikzlibraryshapes.misc
.code.tex
File: tikzlibraryshapes.misc.code.tex 2023-01-15 v3.1.10 (3.1.10)

(/nix/store/mmsrx80s04dd1s9bwnv7k4n5pyil4lkz-texlive-combined-full-2025.2025070
3-texmfdist/tex/generic/pgf/libraries/shapes/pgflibraryshapes.misc.code.tex
File: pgflibraryshapes.misc.code.tex 2023-01-15 v3.1.10 (3.1.10)
))
(/nix/store/mmsrx80s04dd1s9bwnv7k4n5pyil4lkz-texlive-combined-full-2025.2025070
3-texmfdist/tex/generic/pgf/frontendlayer/tikz/libraries/tikzlibraryshapes.symb
ols.code.tex
File: tikzlibraryshapes.symbols.code.tex 2023-01-15 v3.1.10 (3.1.10)

(/nix/store/mmsrx80s04dd1s9bwnv7k4n5pyil4lkz-texlive-combined-full-2025.2025070
3-texmfdist/tex/generic/pgf/libraries/shapes/pgflibraryshapes.symbols.code.tex
File: pgflibraryshapes.symbols.code.tex 2023-01-15 v3.1.10 (3.1.10)
))
(/nix/store/mmsrx80s04dd1s9bwnv7k4n5pyil4lkz-texlive-combined-full-2025.2025070
3-texmfdist/tex/generic/pgf/frontendlayer/tikz/libraries/tikzlibraryshapes.arro
ws.code.tex
File: tikzlibraryshapes.arrows.code.tex 2023-01-15 v3.1.10 (3.1.10)

(/nix/store/mmsrx80s04dd1s9bwnv7k4n5pyil4lkz-texlive-combined-full-2025.2025070
3-texmfdist/tex/generic/pgf/libraries/shapes/pgflibraryshapes.arrows.code.tex
File: pgflibraryshapes.arrows.code.tex 2023-01-15 v3.1.10 (3.1.10)
))
(/nix/store/mmsrx80s04dd1s9bwnv7k4n5pyil4lkz-texlive-combined-full-2025.2025070
3-texmfdist/tex/generic/pgf/frontendlayer/tikz/libraries/tikzlibraryshapes.call
outs.code.tex
(/nix/store/mmsrx80s04dd1s9bwnv7k4n5pyil4lkz-texlive-combined-full-2025.2025070
3-texmfdist/tex/generic/pgf/libraries/shapes/pgflibraryshapes.callouts.code.tex
))
(/nix/store/mmsrx80s04dd1s9bwnv7k4n5pyil4lkz-texlive-combined-full-2025.2025070
3-texmfdist/tex/generic/pgf/frontendlayer/tikz/libraries/tikzlibraryshapes.mult
ipart.code.tex
File: tikzlibraryshapes.multipart.code.tex 2023-01-15 v3.1.10 (3.1.10)

(/nix/store/mmsrx80s04dd1s9bwnv7k4n5pyil4lkz-texlive-combined-full-2025.2025070
3-texmfdist/tex/generic/pgf/libraries/shapes/pgflibraryshapes.multipart.code.te
x
File: pgflibraryshapes.multipart.code.tex 2023-01-15 v3.1.10 (3.1.10)
\pgfnodepartlowerbox=\box77
\pgfnodeparttwobox=\box78
\pgfnodepartthreebox=\box79
\pgfnodepartfourbox=\box80
\pgfnodeparttwentybox=\box81
\pgfnodepartnineteenbox=\box82
\pgfnodeparteighteenbox=\box83
\pgfnodepartseventeenbox=\box84
\pgfnodepartsixteenbox=\box85
\pgfnodepartfifteenbox=\box86
\pgfnodepartfourteenbox=\box87
\pgfnodepartthirteenbox=\box88
\pgfnodeparttwelvebox=\box89
\pgfnodepartelevenbox=\box90
\pgfnodeparttenbox=\box91
\pgfnodepartninebox=\box92
\pgfnodeparteightbox=\box93
\pgfnodepartsevenbox=\box94
\pgfnodepartsixbox=\box95
\pgfnodepartfivebox=\box96
)))
(/nix/store/mmsrx80s04dd1s9bwnv7k4n5pyil4lkz-texlive-combined-full-2025.2025070
3-texmfdist/tex/generic/pgf/frontendlayer/tikz/libraries/tikzlibraryarrows.code
.tex
File: tikzlibraryarrows.code.tex 2023-01-15 v3.1.10 (3.1.10)

(/nix/store/mmsrx80s04dd1s9bwnv7k4n5pyil4lkz-texlive-combined-full-2025.2025070
3-texmfdist/tex/generic/pgf/libraries/pgflibraryarrows.code.tex
File: pgflibraryarrows.code.tex 2023-01-15 v3.1.10 (3.1.10)
\arrowsize=\dimen309
))
(/nix/store/mmsrx80s04dd1s9bwnv7k4n5pyil4lkz-texlive-combined-full-2025.2025070
3-texmfdist/tex/generic/pgf/frontendlayer/tikz/libraries/tikzlibrarypositioning
.code.tex
File: tikzlibrarypositioning.code.tex 2023-01-15 v3.1.10 (3.1.10)
)
(/nix/store/mmsrx80s04dd1s9bwnv7k4n5pyil4lkz-texlive-combined-full-2025.2025070
3-texmfdist/tex/latex/booktabs/booktabs.sty
Package: booktabs 2020/01/12 v1.61803398 Publication quality tables
\heavyrulewidth=\dimen310
\lightrulewidth=\dimen311
\cmidrulewidth=\dimen312
\belowrulesep=\dimen313
\belowbottomsep=\dimen314
\aboverulesep=\dimen315
\abovetopsep=\dimen316
\cmidrulesep=\dimen317
\cmidrulekern=\dimen318
\defaultaddspace=\dimen319
\@cmidla=\count515
\@cmidlb=\count516
\@aboverulesep=\dimen320
\@belowrulesep=\dimen321
\@thisruleclass=\count517
\@lastruleclass=\count518
\@thisrulewidth=\dimen322
)
Package csquotes Info: Checking for multilingual support...
Package csquotes Info: ... found 'babel' package.
Package csquotes Info: Enabling multilingual quotes.


Package biblatex Warning: Attempt to redefine deprecated '\mkbibnamelast'.
(biblatex)                Please use '\mkbibnamefamily' instead.
(biblatex)                Using '\mkbibnamefamily'.


Package biblatex Warning: Conflicting options.
(biblatex)                'urldate=iso' requires 'seconds=true'.
(biblatex)                Setting 'seconds=true' on input line 97.

(./kidiplom.aux
Package babel Info: 'czech' activates 'czech' shorthands.
(babel)             Reported  on input line 20.
)
\openout1 = `kidiplom.aux'.

LaTeX Font Info:    Checking defaults for OML/cmm/m/it on input line 97.
LaTeX Font Info:    ... okay on input line 97.
LaTeX Font Info:    Checking defaults for OMS/cmsy/m/n on input line 97.
LaTeX Font Info:    ... okay on input line 97.
LaTeX Font Info:    Checking defaults for OT1/cmr/m/n on input line 97.
LaTeX Font Info:    ... okay on input line 97.
LaTeX Font Info:    Checking defaults for T1/cmr/m/n on input line 97.
LaTeX Font Info:    ... okay on input line 97.
LaTeX Font Info:    Checking defaults for TS1/cmr/m/n on input line 97.
LaTeX Font Info:    ... okay on input line 97.
LaTeX Font Info:    Checking defaults for OMX/cmex/m/n on input line 97.
LaTeX Font Info:    ... okay on input line 97.
LaTeX Font Info:    Checking defaults for U/cmr/m/n on input line 97.
LaTeX Font Info:    ... okay on input line 97.
LaTeX Font Info:    Checking defaults for PD1/pdf/m/n on input line 97.
LaTeX Font Info:    ... okay on input line 97.
LaTeX Font Info:    Checking defaults for PU/pdf/m/n on input line 97.
LaTeX Font Info:    ... okay on input line 97.

(/nix/store/mmsrx80s04dd1s9bwnv7k4n5pyil4lkz-texlive-combined-full-2025.2025070
3-texmfdist/tex/context/base/mkii/supp-pdf.mkii
[Loading MPS to PDF converter (version 2006.09.02).]
\scratchcounter=\count519
\scratchdimen=\dimen323
\scratchbox=\box97
\nofMPsegments=\count520
\nofMParguments=\count521
\everyMPshowfont=\toks62
\MPscratchCnt=\count522
\MPscratchDim=\dimen324
\MPnumerator=\count523
\makeMPintoPDFobject=\count524
\everyMPtoPDFconversion=\toks63
)
(/nix/store/mmsrx80s04dd1s9bwnv7k4n5pyil4lkz-texlive-combined-full-2025.2025070
3-texmfdist/tex/latex/epstopdf-pkg/epstopdf-base.sty
Package: epstopdf-base 2020-01-24 v2.11 Base part for package epstopdf
Package epstopdf-base Info: Redefining graphics rule for `.eps' on input line 4
85.

(/nix/store/mmsrx80s04dd1s9bwnv7k4n5pyil4lkz-texlive-combined-full-2025.2025070
3-texmfdist/tex/latex/latexconfig/epstopdf-sys.cfg
File: epstopdf-sys.cfg 2010/07/13 v1.3 Configuration of (r)epstopdf for TeX Liv
e
))
Package hyperref Info: Link coloring ON on input line 97.
\c@lstlisting=\count525
Package biblatex Info: Trying to load language 'czech' -> 'czech-iso'...
Package biblatex Info: ... file 'czech-iso.lbx' found.
 (./czech-iso.lbx
File: czech-iso.lbx 
Package biblatex Info: Trying to load language 'czech'...
Package biblatex Info: ... file 'czech.lbx' found.

(./czech.lbx
File: czech.lbx 
Package biblatex Info: Trying to load language 'english' -> 'english-iso'...
Package biblatex Info: ... file 'english-iso.lbx' found.
 (./english-iso.lbx
File: english-iso.lbx 
Package biblatex Info: Trying to load language 'english'...
Package biblatex Info: ... file 'english.lbx' found.

(/nix/store/mmsrx80s04dd1s9bwnv7k4n5pyil4lkz-texlive-combined-full-2025.2025070
3-texmfdist/tex/latex/biblatex/lbx/english.lbx
File: english.lbx 2024/03/21 v3.20 biblatex localization (PK/MW)
)))
Package biblatex Info: Trying to load language 'czech'...
Package biblatex Info: ... file 'czech.lbx' found.
 (./czech.lbx
File: czech.lbx 
Package biblatex Info: Trying to load language 'english' -> 'english-iso'...
Package biblatex Info: ... file 'english-iso.lbx' found.

(./english-iso.lbx
File: english-iso.lbx 
Package biblatex Info: Trying to load language 'english'...
Package biblatex Info: ... file 'english.lbx' found.

(/nix/store/mmsrx80s04dd1s9bwnv7k4n5pyil4lkz-texlive-combined-full-2025.2025070
3-texmfdist/tex/latex/biblatex/lbx/english.lbx
File: english.lbx 2024/03/21 v3.20 biblatex localization (PK/MW)
))))
Package biblatex Info: Trying to load language 'english' -> 'english-iso'...
Package biblatex Info: ... file 'english-iso.lbx' found.
 (./english-iso.lbx
File: english-iso.lbx 
Package biblatex Info: Trying to load language 'english'...
Package biblatex Info: ... file 'english.lbx' found.

(/nix/store/mmsrx80s04dd1s9bwnv7k4n5pyil4lkz-texlive-combined-full-2025.2025070
3-texmfdist/tex/latex/biblatex/lbx/english.lbx
File: english.lbx 2024/03/21 v3.20 biblatex localization (PK/MW)
)
Package biblatex Info: Trying to load language 'english'...
Package biblatex Info: ... file 'english.lbx' found.

(/nix/store/mmsrx80s04dd1s9bwnv7k4n5pyil4lkz-texlive-combined-full-2025.2025070
3-texmfdist/tex/latex/biblatex/lbx/english.lbx
File: english.lbx 2024/03/21 v3.20 biblatex localization (PK/MW)
))
Package biblatex Info: Input encoding 'utf8' detected.
Package biblatex Info: Data encoding 'utf8' specified.
(biblatex)             No need to reencode data.
\openout6 = `kidiplom.bcf'.

Package biblatex Info: Trying to load bibliographic data...
Package biblatex Info: ... file 'kidiplom.bbl' not found.

No file kidiplom.bbl.
Package biblatex Info: Reference section=0 on input line 97.
Package biblatex Info: Reference segment=0 on input line 97.
*geometry* detected driver: pdftex
*geometry* verbose mode - [ preamble ] result:
* driver: pdftex
* paper: a4paper
* layout: <same size as paper>
* layoutoffset:(h,v)=(0.0pt,0.0pt)
* modes: 
* h-part:(L,W,R)=(113.81102pt, 409.50119pt, 74.19566pt)
* v-part:(T,H,B)=(99.58464pt, 645.87756pt, 99.58464pt)
* \paperwidth=597.50787pt
* \paperheight=845.04684pt
* \textwidth=409.50119pt
* \textheight=645.87756pt
* \oddsidemargin=41.54103pt
* \evensidemargin=41.54103pt
* \topmargin=-9.68535pt
* \headheight=12.0pt
* \headsep=25.0pt
* \topskip=12.0pt
* \footskip=30.0pt
* \marginparwidth=44.0pt
* \marginparsep=10.0pt
* \columnsep=10.0pt
* \skip\footins=10.8pt plus 4.0pt minus 2.0pt
* \hoffset=0.0pt
* \voffset=0.0pt
* \mag=1000
* \@twocolumnfalse
* \@twosidefalse
* \@mparswitchfalse
* \@reversemarginfalse
* (1in=72.27pt=25.4mm, 1cm=28.453pt)

<graphics/kititle-cz-nofont.pdf, id=7, 375.4025pt x 72.27pt>
File: graphics/kititle-cz-nofont.pdf Graphic file (type pdf)
<use graphics/kititle-cz-nofont.pdf>
Package pdftex.def Info: graphics/kititle-cz-nofont.pdf  used on input line 98.

(pdftex.def)             Requested size: 225.24323pt x 43.36232pt.
<graphics/UP_znak.pdf, id=8, 101.59215pt x 101.59215pt>
File: graphics/UP_znak.pdf Graphic file (type pdf)
<use graphics/UP_znak.pdf>
Package pdftex.def Info: graphics/UP_znak.pdf  used on input line 98.
(pdftex.def)             Requested size: 101.59187pt x 101.59187pt.
LaTeX Font Info:    Trying to load font information for OT1+lmr on input line 9
8.

(/nix/store/mmsrx80s04dd1s9bwnv7k4n5pyil4lkz-texlive-combined-full-2025.2025070
3-texmfdist/tex/latex/lm/ot1lmr.fd
File: ot1lmr.fd 2015/05/01 v1.6.1 Font defs for Latin Modern
)
LaTeX Font Info:    Trying to load font information for OML+lmm on input line 9
8.

(/nix/store/mmsrx80s04dd1s9bwnv7k4n5pyil4lkz-texlive-combined-full-2025.2025070
3-texmfdist/tex/latex/lm/omllmm.fd
File: omllmm.fd 2015/05/01 v1.6.1 Font defs for Latin Modern
)
LaTeX Font Info:    Trying to load font information for OMS+lmsy on input line 
98.

(/nix/store/mmsrx80s04dd1s9bwnv7k4n5pyil4lkz-texlive-combined-full-2025.2025070
3-texmfdist/tex/latex/lm/omslmsy.fd
File: omslmsy.fd 2015/05/01 v1.6.1 Font defs for Latin Modern
)
LaTeX Font Info:    Trying to load font information for OMX+lmex on input line 
98.

(/nix/store/mmsrx80s04dd1s9bwnv7k4n5pyil4lkz-texlive-combined-full-2025.2025070
3-texmfdist/tex/latex/lm/omxlmex.fd
File: omxlmex.fd 2015/05/01 v1.6.1 Font defs for Latin Modern
)
LaTeX Font Info:    External font `lmex10' loaded for size
(Font)              <12> on input line 98.
LaTeX Font Info:    External font `lmex10' loaded for size
(Font)              <8> on input line 98.
LaTeX Font Info:    External font `lmex10' loaded for size
(Font)              <6> on input line 98.
LaTeX Font Info:    Trying to load font information for U+msa on input line 98.


(/nix/store/mmsrx80s04dd1s9bwnv7k4n5pyil4lkz-texlive-combined-full-2025.2025070
3-texmfdist/tex/latex/amsfonts/umsa.fd
File: umsa.fd 2013/01/14 v3.01 AMS symbols A
)
LaTeX Font Info:    Trying to load font information for U+msb on input line 98.


(/nix/store/mmsrx80s04dd1s9bwnv7k4n5pyil4lkz-texlive-combined-full-2025.2025070
3-texmfdist/tex/latex/amsfonts/umsb.fd
File: umsb.fd 2013/01/14 v3.01 AMS symbols B
)

[1

\openout3 = `kidiplom.ist'.

{/nix/store/39nw9fnfwq45c9yn32dxzb5ijcqq87y4-texlive-combined-full-2025.2025070
3/share/texmf-var/fonts/map/pdftex/updmap/pdftex.map}{/nix/store/mmsrx80s04dd1s
9bwnv7k4n5pyil4lkz-texlive-combined-full-2025.20250703-texmfdist/fonts/enc/dvip
s/lm/lm-ec.enc} <./graphics/kititle-cz-nofont.pdf> <./graphics/UP_znak.pdf>]
LaTeX Font Info:    External font `lmex10' loaded for size
(Font)              <10.95> on input line 98.


[2]

[3

]

[4

] (./kidiplom.toc

[5

]

[6]

[7]
LaTeX Font Info:    Trying to load font information for T1+pcr on input line 13
7.

(/nix/store/mmsrx80s04dd1s9bwnv7k4n5pyil4lkz-texlive-combined-full-2025.2025070
3-texmfdist/tex/latex/psnfss/t1pcr.fd
File: t1pcr.fd 2001/06/04 font definitions for T1/pcr.
))
\tf@toc=\write8
\openout8 = `kidiplom.toc'.



[8{/nix/store/mmsrx80s04dd1s9bwnv7k4n5pyil4lkz-texlive-combined-full-2025.20250
703-texmfdist/fonts/enc/dvips/base/8r.enc}] (./kidiplom.lot)
\tf@lot=\write9
\openout9 = `kidiplom.lot'.

 (./kidiplom.lol)
\tf@lol=\write10
\openout10 = `kidiplom.lol'.



[9

] (./chapters/01-uvod.tex
Overfull \hbox (1.32231pt too wide) in paragraph at lines 14--21
\T1/lmr/m/n/12 Char-le-sem Mo-o-rem v e-de-s-tch le-tech 20. sto-let. \T1/l
mr/m/sc/12 Forth \T1/lmr/m/n/12 si zs-kal ob-libu zejmna
 []



[10

]

LaTeX Font Warning: Font shape `T1/lmr/bx/sc' undefined
(Font)              using `T1/lmr/bx/n' instead on input line 64.

) (./chapters/02-forth.tex

[11]

LaTeX Warning: Citation 'moore1974' on page 12 undefined on input line 22.


LaTeX Warning: Citation 'brodie2004' on page 12 undefined on input line 32.



[12]
LaTeX Font Info:    Trying to load font information for TS1+lmr on input line 6
4.

(/nix/store/mmsrx80s04dd1s9bwnv7k4n5pyil4lkz-texlive-combined-full-2025.2025070
3-texmfdist/tex/latex/lm/ts1lmr.fd
File: ts1lmr.fd 2015/05/01 v1.6.1 Font defs for Latin Modern
)

LaTeX Warning: Citation 'open-firmware' on page 13 undefined on input line 70.


LaTeX Warning: Citation 'koopman1989' on page 13 undefined on input line 82.



[13{/nix/store/mmsrx80s04dd1s9bwnv7k4n5pyil4lkz-texlive-combined-full-2025.2025
0703-texmfdist/fonts/enc/dvips/lm/lm-ts1.enc}]

LaTeX Warning: Citation 'brodie1981' on page 14 undefined on input line 162.



[14]

LaTeX Warning: Citation 'gforth' on page 15 undefined on input line 234.


LaTeX Warning: Citation 'ertl2002' on page 15 undefined on input line 243.



[15]
Overfull \hbox (0.63518pt too wide) in paragraph at lines 249--250
 \T1/lmr/bx/n/12 2.1.4.2 His-to-rick a spe-ci-a-li-zo-van im-ple-men-tace.[] 
\T1/lmr/m/n/12 Mezi dal v-znamn
 []


LaTeX Warning: Citation 'forth-standard' on page 16 undefined on input line 266
.

)
Overfull \hbox (1.93996pt too wide) in paragraph at lines 286--114
 \T1/lmr/bx/n/12 2.1.4.4 Vztah ja-zyka Roth k exis-tu-j-cm im-ple-men-ta-cm.
[] \T1/lmr/m/n/12 Ja-zyk \T1/lmr/m/sc/12 Roth\T1/lmr/m/n/12 ,
 []



[16] (./chapters/02-kompilatory.tex

LaTeX Warning: Citation 'aho2006' on page 17 undefined on input line 10.



[17]

LaTeX Warning: Citation 'aho2006' on page 18 undefined on input line 128.


Overfull \hbox (22.38005pt too wide) in paragraph at lines 128--129
 \T1/lmr/bx/n/12 2.2.2.1 Typy me-zi-kdu.[] \T1/lmr/m/n/12 Exis-tuje n-ko-lik 
z-klad-nch typ me-zi-kdu [[]]: 
 []



[18]

[19]

[20{/nix/store/mmsrx80s04dd1s9bwnv7k4n5pyil4lkz-texlive-combined-full-2025.2025
0703-texmfdist/fonts/enc/dvips/lm/lm-mathsy.enc}]) (./chapters/02-rust.tex

[21]
Overfull \hbox (63.54263pt too wide) in paragraph at lines 34--35
[][][][][][][][][][][][][][][][][][][][][][][][][][][][] 
 []


Overfull \hbox (17.93523pt too wide) in paragraph at lines 42--44
[]\T1/lmr/m/n/12 Kompiltor ga-ran-tuje, e vechny va-ri-anty jsou oet-eny p
i pat-tern matchingu. 
 []


Overfull \hbox (2.05222pt too wide) in paragraph at lines 52--54
 \T1/lmr/bx/n/12 2.3.1.2 Re-pre-zen-tace me-zi-kdu.[] \T1/lmr/m/n/12 Ob-dobn 
je im-ple-men-to-vn me-zi-kd, kde
 []


Overfull \hbox (10.98221pt too wide) in paragraph at lines 84--85
[][][][][][][][][][][][][][][][][][][][][][][][] 
 []


Overfull \hbox (37.26242pt too wide) in paragraph at lines 86--87
[][][][][][][][][][][][][][][][][][][][][][] 
 []


Overfull \hbox (37.26242pt too wide) in paragraph at lines 87--88
[][][][][][][][][][][][][][][][][][][][][][] 
 []


Overfull \hbox (37.26242pt too wide) in paragraph at lines 88--89
[][][][][][][][][][][][][][][][][][][][][][] 
 []



[22]
Overfull \hbox (17.55226pt too wide) in paragraph at lines 144--145
[][][][][][][][][][][][][][][][][][][][][][][][][][] 
 []


Overfull \hbox (30.69237pt too wide) in paragraph at lines 145--146
[][][][][][][][][][][][][][][][][][][][][][][][][][] 
 []



[23]
Overfull \hbox (3.31369pt too wide) in paragraph at lines 159--163
[]\T1/lmr/m/n/12 Konstrukce \T1/pcr/m/n/12 Box<dyn IROptimizationPass> \T1/lmr/
m/n/12 re-pre-zen-tuje dy-na-micky ty-
 []



[24]) (./chapters/03-navrh.tex
Overfull \hbox (0.38197pt too wide) in paragraph at lines 39--41
 \T1/lmr/bx/n/12 3.1.1.4 Op-ti-ma-li-zace kdu.[] \T1/lmr/m/n/12 Kom-pi-l-tor 
mus im-ple-men-to-vat op-ti-ma-li-zan
 []


Overfull \hbox (3.77501pt too wide) in paragraph at lines 39--41
\T1/lmr/m/n/12 pr-chody nad me-zi-k-dem, kter zlep-uj v-kon ge-ne-ro-va-n
ho pro-gramu bez zmny
 []



[25]
Overfull \hbox (2.85219pt too wide) in paragraph at lines 43--45
 \T1/lmr/bx/n/12 3.1.1.5 S-man-tick kon-t-rola.[] \T1/lmr/m/n/12 Ped ge-ne-r
o-v-nm kdu mus kom-pi-l-tor pro-
 []



[26]
Overfull \hbox (1.15067pt too wide) in paragraph at lines 154--157
 \T1/lmr/bx/n/12 3.2.1.2 Par-ser.[] \T1/lmr/m/n/12 Syn-tak-tick ana-ly-z-tor 
(\T1/pcr/m/n/12 parser.rs\T1/lmr/m/n/12 ) kon-stru-uje abs-traktn
 []



[27]
Overfull \hbox (0.63487pt too wide) in paragraph at lines 188--192
 \T1/lmr/bx/n/12 3.2.2.2 Op-ti-ma-li-z-tor.[] \T1/lmr/m/n/12 Mo-dul \T1/pcr/m/
n/12 ir_optimizer.rs \T1/lmr/m/n/12 im-ple-men-tuje sadu op-
 []

Package hyperref Info: bookmark level for unknown lstlisting defaults to 0 on i
nput line 200.

Overfull \hbox (13.49625pt too wide) in paragraph at lines 204--205
[][][][][][][][][][][][][][][][][][][][][][] 
 []



[28]
Overfull \hbox (21.08224pt too wide) in paragraph at lines 235--237
 \T1/lmr/bx/n/12 3.3.1.1 IR-Pro-gram.[] \T1/lmr/m/n/12 Re-pre-zen-tuje cel pro
-gram. Ob-sa-huje hlavn funkci (\T1/pcr/m/n/12 main\T1/lmr/m/n/12 )
 []


Overfull \hbox (48.74603pt too wide) in paragraph at lines 262--263
[][][][][][][][][][][][][][][][][][][][][][][][][] 
 []


Overfull \hbox (34.64612pt too wide) in paragraph at lines 263--264
[][][][][][][][][][][][][][][][][][][][][][][][][] 
 []


Overfull \hbox (20.35733pt too wide) in paragraph at lines 279--341
 [][] 
 []


LaTeX Warning: Float too large for page by 145.38522pt on input line 341.


Overfull \hbox (67.34308pt too wide) in paragraph at lines 346--351
\T1/lmr/m/n/12 im-ple-men-taci me-tody \T1/pcr/m/n/12 stack_effect() \T1/lmr/m/
n/12 na z-klad ano-tac \T1/pcr/m/n/12 #[stack_effect(consumes
 []



[29]
Overfull \hbox (59.50096pt too wide) in paragraph at lines 388--391
\T1/lmr/m/n/12 kter trans-for-muj IR. Kad pr-chod im-ple-men-tuje spo-len
 trait \T1/pcr/m/n/12 IROptimizationPass\T1/lmr/m/n/12 . 
 []


Overfull \hbox (69.8959pt too wide) in paragraph at lines 398--399
[][][][][][][][][][][][][][][][][][][][][][][][][][] 
 []


Overfull \hbox (91.04578pt too wide) in paragraph at lines 399--400
[][][][][][][][][][][][][][][][][][][][][][][][][][] 
 []



[30]

[31]

[32])
Overfull \hbox (126.29556pt too wide) in paragraph at lines 158--159
[][][][][][][][][][][][][][][][][][][][][][][][][][][][][] 
 []


Overfull \hbox (55.79599pt too wide) in paragraph at lines 160--161
[][][][][][][][][][][][][][][][][][][][][][][][][][][][][][][][][][][][][][][][
] 
 []


Overfull \hbox (6.44629pt too wide) in paragraph at lines 166--167
[][][][][][][][][][][][][][][][][][] 
 []


Overfull \hbox (9.21315pt too wide) in paragraph at lines 184--188
\T1/lmr/m/n/12 Parser (\T1/pcr/m/n/12 src/parser.rs\T1/lmr/m/n/12 ) je im-ple-m
en-to-vn jako jed-no-du-ch rekurzivn-sestupn
 []



[33]
Overfull \hbox (98.09573pt too wide) in paragraph at lines 200--201
[][][][][][][][][][][][][][][][][][][][][][][][][][][][] 
 []


Overfull \hbox (20.5462pt too wide) in paragraph at lines 201--202
[][][][][][][][][][][][][][][][][][][][] 
 []


Overfull \hbox (36.69133pt too wide) in paragraph at lines 222--226
\T1/lmr/m/n/12 Roth je ana-lza za-lo-ena na udr-o-vn t ta-bu-lek: \T1/pc
r/m/n/12 builtin_words\T1/lmr/m/n/12 , \T1/pcr/m/n/12 defined_words
 []



[34]
Overfull \hbox (14.75206pt too wide) in paragraph at lines 249--253
\T1/lmr/m/n/12 na struk-turu \T1/pcr/m/n/12 IRProgram\T1/lmr/m/n/12 . Im-ple-me
n-tace po-u-v po-moc-nou struk-turu \T1/pcr/m/n/12 IRBuilder
 []


Overfull \hbox (32.90489pt too wide) in paragraph at lines 274--278
\T1/lmr/m/n/12 strukc lowering udr-uje po-mocn z-sob-nky (\T1/pcr/m/n/12 l
oop_stack \T1/lmr/m/n/12 a \T1/pcr/m/n/12 conditional_stack\T1/lmr/m/n/12 ). 
 []



[35]
Overfull \hbox (14.24599pt too wide) in paragraph at lines 291--296
\T1/lmr/m/n/12 Prchod con-stant fol-ding (\T1/pcr/m/n/12 ConstantFoldingPass \
T1/lmr/m/n/12 v \T1/pcr/m/n/12 src/ir_optimizer.rs\T1/lmr/m/n/12 )
 []



[36]
Overfull \hbox (73.72382pt too wide) in paragraph at lines 336--342
\T1/lmr/m/n/12 cesta (\T1/pcr/m/n/12 rust-ir\T1/lmr/m/n/12 ) po-u-v p-mo-
ar ge-ne-r-tor \T1/pcr/m/n/12 IRRustGenerator \T1/lmr/m/n/12 (\T1/pcr/m/n/12 
src/ir_codegen.rs\T1/lmr/m/n/12 ),
 []


Overfull \hbox (66.73344pt too wide) in paragraph at lines 343--346
\T1/lmr/m/n/12 nad -ta-em in-strukc (\T1/pcr/m/n/12 __pc\T1/lmr/m/n/12 ), c
o umo-uje re-pre-zen-to-vat skoky \T1/pcr/m/n/12 Jump\T1/lmr/m/n/12 /\T1/pcr
/m/n/12 JumpIf\T1/lmr/m/n/12 /\T1/pcr/m/n/12 JumpIfNot
 []


Overfull \hbox (110.88269pt too wide) in paragraph at lines 377--382
[]\T1/lmr/m/n/12 Kompilace a dy-na-mick na--tn jsou za-pouz-deny v \T1/pc
r/m/n/12 LibraryLoader \T1/lmr/m/n/12 (\T1/pcr/m/n/12 src/repl/loader.rs\T1/lmr
/m/n/12 ).
 []


Overfull \hbox (94.78658pt too wide) in paragraph at lines 377--382
\T1/lmr/m/n/12 Lo-a-der za-pi-suje vy-ge-ne-ro-van Rust do do-as-nho ad-re-s
e, spust \T1/pcr/m/n/12 rustc --crate-type=cdylib
 []



[37]

[38]
Overfull \hbox (40.58511pt too wide) in paragraph at lines 454--459
[]\T1/lmr/m/n/12 V ad-re-si \T1/pcr/m/n/12 tests/ \T1/lmr/m/n/12 jsou testy r
oz-d-leny do te-ma-tic-kch sou-bor: \T1/pcr/m/n/12 lexer_tests.rs\T1/lmr/m/n
/12 ,
 []


Overfull \hbox (32.92775pt too wide) in paragraph at lines 454--459
\T1/pcr/m/n/12 parser_tests.rs\T1/lmr/m/n/12 , \T1/pcr/m/n/12 analyzer_tests.rs
\T1/lmr/m/n/12 , \T1/pcr/m/n/12 ir_tests.rs\T1/lmr/m/n/12 , \T1/pcr/m/n/12 code
gen_tests.rs
 []



[39]

[40]

[41

]

[42

]

[43

]
Overfull \hbox (26.32784pt too wide) in paragraph at lines 624--625
\T1/lmr/m/n/12 REPL se spust bez ar-gu-mentu vstup-nho sou-boru, nebo po-moc
 \T1/pcr/m/n/12 -i/--interactive\T1/lmr/m/n/12 : 
 []



[44]
LaTeX Font Info:    Font shape `T1/pcr/m/it' in size <12> not available
(Font)              Font shape `T1/pcr/m/sl' tried instead on input line 661.

Underfull \hbox (badness 10000) in paragraph at lines 664--665

 []



[45]
Overfull \hbox (76.94586pt too wide) in paragraph at lines 680--681
[][][][][][][][][][][][][][][][][][][][][][][][][][][][] 
 []



[46]

LaTeX Warning: Empty bibliography on input line 705.


Package glossaries Warning: No \printglossary or \printglossaries found. 
(Remove \makeglossaries if you don't want any glossaries.) 
This document will not have a glossary.


enddocument/afterlastpage (AED): lastpage setting LastPage.
(./kidiplom.aux)
 ***********
LaTeX2e <2025-06-01> patch level 1
L3 programming layer <2025-06-09>
 ***********


LaTeX Font Warning: Some font shapes were not available, defaults substituted.


LaTeX Warning: There were undefined references.


LaTeX Warning: Label(s) may have changed. Rerun to get cross-references right.


Package biblatex Warning: Please (re)run Biber on the file:
(biblatex)                kidiplom
(biblatex)                and rerun LaTeX afterwards.

Package logreq Info: Writing requests to 'kidiplom.run.xml'.
\openout1 = `kidiplom.run.xml'.

 ) 
Here is how much of TeX's memory you used:
 44000 strings out of 467888
 903853 string characters out of 5405403
 1866144 words of memory out of 5000000
 71382 multiletter control sequences out of 15000+600000
 693678 words of font info for 86 fonts, out of 8000000 for 9000
 1141 hyphenation exceptions out of 8191
 110i,10n,109p,2606b,2381s stack positions out of 10000i,1000n,20000p,200000b,200000s

pdfTeX warning (dest): name{section*.8} has been referenced but does not exist,
 replaced by a fixed one

</nix/store/mmsrx80s04dd1s9bwnv7k4n5pyil4lkz-texlive-combined-full-2025.2025070
3-texmfdist/fonts/type1/public/lm/lmbx10.pfb></nix/store/mmsrx80s04dd1s9bwnv7k4
n5pyil4lkz-texlive-combined-full-2025.20250703-texmfdist/fonts/type1/public/lm/
lmbx12.pfb></nix/store/mmsrx80s04dd1s9bwnv7k4n5pyil4lkz-texlive-combined-full-2
025.20250703-texmfdist/fonts/type1/public/lm/lmcsc10.pfb></nix/store/mmsrx80s04
dd1s9bwnv7k4n5pyil4lkz-texlive-combined-full-2025.20250703-texmfdist/fonts/type
1/public/lm/lmr10.pfb></nix/store/mmsrx80s04dd1s9bwnv7k4n5pyil4lkz-texlive-comb
ined-full-2025.20250703-texmfdist/fonts/type1/public/lm/lmr12.pfb></nix/store/m
msrx80s04dd1s9bwnv7k4n5pyil4lkz-texlive-combined-full-2025.20250703-texmfdist/f
onts/type1/public/lm/lmr17.pfb></nix/store/mmsrx80s04dd1s9bwnv7k4n5pyil4lkz-tex
live-combined-full-2025.20250703-texmfdist/fonts/type1/public/lm/lmr8.pfb></nix
/store/mmsrx80s04dd1s9bwnv7k4n5pyil4lkz-texlive-combined-full-2025.20250703-tex
mfdist/fonts/type1/public/lm/lmri10.pfb></nix/store/mmsrx80s04dd1s9bwnv7k4n5pyi
l4lkz-texlive-combined-full-2025.20250703-texmfdist/fonts/type1/public/lm/lmri1
2.pfb></nix/store/mmsrx80s04dd1s9bwnv7k4n5pyil4lkz-texlive-combined-full-2025.2
0250703-texmfdist/fonts/type1/public/lm/lmsy10.pfb></nix/store/mmsrx80s04dd1s9b
wnv7k4n5pyil4lkz-texlive-combined-full-2025.20250703-texmfdist/fonts/type1/urw/
courier/ucrb8a.pfb></nix/store/mmsrx80s04dd1s9bwnv7k4n5pyil4lkz-texlive-combine
d-full-2025.20250703-texmfdist/fonts/type1/urw/courier/ucrr8a.pfb></nix/store/m
msrx80s04dd1s9bwnv7k4n5pyil4lkz-texlive-combined-full-2025.20250703-texmfdist/f
onts/type1/urw/courier/ucrro8a.pfb>
Output written on kidiplom.pdf (46 pages, 404961 bytes).
PDF statistics:
 1377 PDF objects out of 1440 (max. 8388607)
 1287 compressed objects within 13 object streams
 440 named destinations out of 1000 (max. 500000)
 1159 words of extra memory for PDF output out of 10000 (max. 10000000)

